This is pdfTeX, Version 3.14159265-2.6-1.40.15 (TeX Live 2014) (preloaded format=pdflatex 2014.5.25)  28 OCT 2015 13:36
entering extended mode
 \write18 enabled.
 %&-line parsing enabled.
**will-muse-calib.tex
(./will-muse-calib.tex
LaTeX2e <2014/05/01>
Babel <3.9k> and hyphenation patterns for 78 languages loaded.
(/usr/local/texlive/2014/texmf-dist/tex/latex/aastex/aastex.cls
Document Class: aastex 2005/06/22 5.2/AAS markup document class
Class aastex Info: Original \LaTeX2.09 style by Chris Biemesderfer (chris@seago
at.com). Adapted to \LaTeXe by A. Ogawa (ogawa@teleport.com) on input line 83.
(/usr/local/texlive/2014/texmf-dist/tex/latex/base/article.cls
Document Class: article 2007/10/19 v1.4h Standard LaTeX document class
(/usr/local/texlive/2014/texmf-dist/tex/latex/base/size11.clo
File: size11.clo 2007/10/19 v1.4h Standard LaTeX file (size option)
)
\c@part=\count79
\c@section=\count80
\c@subsection=\count81
\c@subsubsection=\count82
\c@paragraph=\count83
\c@subparagraph=\count84
\c@figure=\count85
\c@table=\count86
\abovecaptionskip=\skip41
\belowcaptionskip=\skip42
\bibindent=\dimen102
)
(/usr/local/texlive/2014/texmf-dist/tex/latex/base/latexsym.sty
Package: latexsym 1998/08/17 v2.2e Standard LaTeX package (lasy symbols)
\symlasy=\mathgroup4
LaTeX Font Info:    Overwriting symbol font `lasy' in version `bold'
(Font)                  U/lasy/m/n --> U/lasy/b/n on input line 47.
)
(/usr/local/texlive/2014/texmf-dist/tex/latex/graphics/graphicx.sty
Package: graphicx 2014/04/25 v1.0g Enhanced LaTeX Graphics (DPC,SPQR)

(/usr/local/texlive/2014/texmf-dist/tex/latex/graphics/keyval.sty
Package: keyval 2014/05/08 v1.15 key=value parser (DPC)
\KV@toks@=\toks14
)
(/usr/local/texlive/2014/texmf-dist/tex/latex/graphics/graphics.sty
Package: graphics 2009/02/05 v1.0o Standard LaTeX Graphics (DPC,SPQR)

(/usr/local/texlive/2014/texmf-dist/tex/latex/graphics/trig.sty
Package: trig 1999/03/16 v1.09 sin cos tan (DPC)
)
(/usr/local/texlive/2014/texmf-dist/tex/latex/latexconfig/graphics.cfg
File: graphics.cfg 2010/04/23 v1.9 graphics configuration of TeX Live
)
Package graphics Info: Driver file: pdftex.def on input line 91.

(/usr/local/texlive/2014/texmf-dist/tex/latex/pdftex-def/pdftex.def
File: pdftex.def 2011/05/27 v0.06d Graphics/color for pdfTeX

(/usr/local/texlive/2014/texmf-dist/tex/generic/oberdiek/infwarerr.sty
Package: infwarerr 2010/04/08 v1.3 Providing info/warning/error messages (HO)
)
(/usr/local/texlive/2014/texmf-dist/tex/generic/oberdiek/ltxcmds.sty
Package: ltxcmds 2011/11/09 v1.22 LaTeX kernel commands for general use (HO)
)
\Gread@gobject=\count87
))
\Gin@req@height=\dimen103
\Gin@req@width=\dimen104
)
(/usr/local/texlive/2014/texmf-dist/tex/latex/amsfonts/amssymb.sty
Package: amssymb 2013/01/14 v3.01 AMS font symbols

(/usr/local/texlive/2014/texmf-dist/tex/latex/amsfonts/amsfonts.sty
Package: amsfonts 2013/01/14 v3.01 Basic AMSFonts support
\@emptytoks=\toks15
\symAMSa=\mathgroup5
\symAMSb=\mathgroup6
LaTeX Font Info:    Overwriting math alphabet `\mathfrak' in version `bold'
(Font)                  U/euf/m/n --> U/euf/b/n on input line 106.
))
(/usr/local/texlive/2014/texmf-dist/tex/latex/natbib/natbib.sty
Package: natbib 2010/09/13 8.31b (PWD, AO)
\bibhang=\skip43
\bibsep=\skip44
LaTeX Info: Redefining \cite on input line 694.
\c@NAT@ctr=\count88
)
(/usr/local/texlive/2014/texmf-dist/tex/latex/tools/verbatim.sty
Package: verbatim 2003/08/22 v1.5q LaTeX2e package for verbatim enhancements
\every@verbatim=\toks16
\verbatim@line=\toks17
\verbatim@in@stream=\read1
)
\@slugcmmntwidth=\dimen105
\abstract@box=\box26
\c@editornote=\count89
\c@cureqno=\count90
\tnotemarkskip=\skip45
\@abovenoteskip=\dimen106
\pt@box=\box27
\pt@width=\dimen107
\pt@line=\count91
\pt@column=\count92
\pt@nlines=\count93
\pt@ncol=\count94
\pt@page=\count95
\tabbaseskip=\dimen108
\pt@tmpcapwidth=\dimen109
\spew@tblnotesbox=\box28
\restof@tblnotesbox=\box29
\noteheight=\dimen110
\pt@tabnoteminht=\dimen111
\firsttabskip=\dimen112
\captionbox=\box30
\pt@reduceline=\dimen113
\extra@vspace=\dimen114
\c@plate=\count96
\my@footins=\box31
)
(/usr/local/texlive/2014/texmf-dist/tex/latex/amsmath/amsmath.sty
Package: amsmath 2013/01/14 v2.14 AMS math features
\@mathmargin=\skip46

For additional information on amsmath, use the `?' option.
(/usr/local/texlive/2014/texmf-dist/tex/latex/amsmath/amstext.sty
Package: amstext 2000/06/29 v2.01

(/usr/local/texlive/2014/texmf-dist/tex/latex/amsmath/amsgen.sty
File: amsgen.sty 1999/11/30 v2.0
\@emptytoks=\toks18
\ex@=\dimen115
))
(/usr/local/texlive/2014/texmf-dist/tex/latex/amsmath/amsbsy.sty
Package: amsbsy 1999/11/29 v1.2d
\pmbraise@=\dimen116
)
(/usr/local/texlive/2014/texmf-dist/tex/latex/amsmath/amsopn.sty
Package: amsopn 1999/12/14 v2.01 operator names
)
\inf@bad=\count97
LaTeX Info: Redefining \frac on input line 210.
\uproot@=\count98
\leftroot@=\count99
LaTeX Info: Redefining \overline on input line 306.
\classnum@=\count100
\DOTSCASE@=\count101
LaTeX Info: Redefining \ldots on input line 378.
LaTeX Info: Redefining \dots on input line 381.
LaTeX Info: Redefining \cdots on input line 466.
\Mathstrutbox@=\box32
\strutbox@=\box33
\big@size=\dimen117
LaTeX Font Info:    Redeclaring font encoding OML on input line 566.
LaTeX Font Info:    Redeclaring font encoding OMS on input line 567.
\macc@depth=\count102
\c@MaxMatrixCols=\count103
\dotsspace@=\muskip10
\c@parentequation=\count104
\dspbrk@lvl=\count105
\tag@help=\toks19
\row@=\count106
\column@=\count107
\maxfields@=\count108
\andhelp@=\toks20
\eqnshift@=\dimen118
\alignsep@=\dimen119
\tagshift@=\dimen120
\tagwidth@=\dimen121
\totwidth@=\dimen122
\lineht@=\dimen123
\@envbody=\toks21
\multlinegap=\skip47
\multlinetaggap=\skip48
\mathdisplay@stack=\toks22
LaTeX Info: Redefining \[ on input line 2665.
LaTeX Info: Redefining \] on input line 2666.
)
(/usr/local/texlive/2014/texmf-dist/tex/latex/newtx/newtxtext.sty
Package: newtxtext 2014/04/26 v1.27

`newtxtext' v1.27, 2014/04/26 Text macros based on txfonts (msharpe)
(/usr/local/texlive/2014/texmf-dist/tex/latex/fontaxes/fontaxes.sty
Package: fontaxes 2014/03/23 v1.0d Font selection axes
LaTeX Info: Redefining \upshape on input line 29.
LaTeX Info: Redefining \itshape on input line 31.
LaTeX Info: Redefining \slshape on input line 33.
LaTeX Info: Redefining \scshape on input line 37.
)
(/usr/local/texlive/2014/texmf-dist/tex/latex/xkeyval/xkeyval.sty
Package: xkeyval 2014/05/09 v2.6d package option processing (HA)

(/usr/local/texlive/2014/texmf-dist/tex/generic/xkeyval/xkeyval.tex
\XKV@toks=\toks23
\XKV@tempa@toks=\toks24
\XKV@depth=\count109
File: xkeyval.tex 2014/05/09 v2.6d key=value parser (HA)
))
(/usr/local/texlive/2014/texmf-dist/tex/latex/etoolbox/etoolbox.sty
Package: etoolbox 2011/01/03 v2.1 e-TeX tools for LaTeX

(/usr/local/texlive/2014/texmf-dist/tex/latex/etex-pkg/etex.sty
Package: etex 1998/03/26 v2.0 eTeX basic definition package (PEB)
\et@xins=\count110
)
\etb@tempcnta=\count111
)
(/usr/local/texlive/2014/texmf-dist/tex/latex/base/fontenc.sty
Package: fontenc 2005/09/27 v1.99g Standard LaTeX package

(/usr/local/texlive/2014/texmf-dist/tex/latex/base/t1enc.def
File: t1enc.def 2005/09/27 v1.99g Standard LaTeX file
LaTeX Font Info:    Redeclaring font encoding T1 on input line 43.
))
(/usr/local/texlive/2014/texmf-dist/tex/latex/base/textcomp.sty
Package: textcomp 2005/09/27 v1.99g Standard LaTeX package
Package textcomp Info: Sub-encoding information:
(textcomp)               5 = only ISO-Adobe without \textcurrency
(textcomp)               4 = 5 + \texteuro
(textcomp)               3 = 4 + \textohm
(textcomp)               2 = 3 + \textestimated + \textcurrency
(textcomp)               1 = TS1 - \textcircled - \t
(textcomp)               0 = TS1 (full)
(textcomp)             Font families with sub-encoding setting implement
(textcomp)             only a restricted character set as indicated.
(textcomp)             Family '?' is the default used for unknown fonts.
(textcomp)             See the documentation for details.
Package textcomp Info: Setting ? sub-encoding to TS1/1 on input line 71.

(/usr/local/texlive/2014/texmf-dist/tex/latex/base/ts1enc.def
File: ts1enc.def 2001/06/05 v3.0e (jk/car/fm) Standard LaTeX file
)
LaTeX Info: Redefining \oldstylenums on input line 266.
Package textcomp Info: Setting cmr sub-encoding to TS1/0 on input line 281.
Package textcomp Info: Setting cmss sub-encoding to TS1/0 on input line 282.
Package textcomp Info: Setting cmtt sub-encoding to TS1/0 on input line 283.
Package textcomp Info: Setting cmvtt sub-encoding to TS1/0 on input line 284.
Package textcomp Info: Setting cmbr sub-encoding to TS1/0 on input line 285.
Package textcomp Info: Setting cmtl sub-encoding to TS1/0 on input line 286.
Package textcomp Info: Setting ccr sub-encoding to TS1/0 on input line 287.
Package textcomp Info: Setting ptm sub-encoding to TS1/4 on input line 288.
Package textcomp Info: Setting pcr sub-encoding to TS1/4 on input line 289.
Package textcomp Info: Setting phv sub-encoding to TS1/4 on input line 290.
Package textcomp Info: Setting ppl sub-encoding to TS1/3 on input line 291.
Package textcomp Info: Setting pag sub-encoding to TS1/4 on input line 292.
Package textcomp Info: Setting pbk sub-encoding to TS1/4 on input line 293.
Package textcomp Info: Setting pnc sub-encoding to TS1/4 on input line 294.
Package textcomp Info: Setting pzc sub-encoding to TS1/4 on input line 295.
Package textcomp Info: Setting bch sub-encoding to TS1/4 on input line 296.
Package textcomp Info: Setting put sub-encoding to TS1/5 on input line 297.
Package textcomp Info: Setting uag sub-encoding to TS1/5 on input line 298.
Package textcomp Info: Setting ugq sub-encoding to TS1/5 on input line 299.
Package textcomp Info: Setting ul8 sub-encoding to TS1/4 on input line 300.
Package textcomp Info: Setting ul9 sub-encoding to TS1/4 on input line 301.
Package textcomp Info: Setting augie sub-encoding to TS1/5 on input line 302.
Package textcomp Info: Setting dayrom sub-encoding to TS1/3 on input line 303.
Package textcomp Info: Setting dayroms sub-encoding to TS1/3 on input line 304.

Package textcomp Info: Setting pxr sub-encoding to TS1/0 on input line 305.
Package textcomp Info: Setting pxss sub-encoding to TS1/0 on input line 306.
Package textcomp Info: Setting pxtt sub-encoding to TS1/0 on input line 307.
Package textcomp Info: Setting txr sub-encoding to TS1/0 on input line 308.
Package textcomp Info: Setting txss sub-encoding to TS1/0 on input line 309.
Package textcomp Info: Setting txtt sub-encoding to TS1/0 on input line 310.
Package textcomp Info: Setting lmr sub-encoding to TS1/0 on input line 311.
Package textcomp Info: Setting lmdh sub-encoding to TS1/0 on input line 312.
Package textcomp Info: Setting lmss sub-encoding to TS1/0 on input line 313.
Package textcomp Info: Setting lmssq sub-encoding to TS1/0 on input line 314.
Package textcomp Info: Setting lmvtt sub-encoding to TS1/0 on input line 315.
Package textcomp Info: Setting qhv sub-encoding to TS1/0 on input line 316.
Package textcomp Info: Setting qag sub-encoding to TS1/0 on input line 317.
Package textcomp Info: Setting qbk sub-encoding to TS1/0 on input line 318.
Package textcomp Info: Setting qcr sub-encoding to TS1/0 on input line 319.
Package textcomp Info: Setting qcs sub-encoding to TS1/0 on input line 320.
Package textcomp Info: Setting qpl sub-encoding to TS1/0 on input line 321.
Package textcomp Info: Setting qtm sub-encoding to TS1/0 on input line 322.
Package textcomp Info: Setting qzc sub-encoding to TS1/0 on input line 323.
Package textcomp Info: Setting qhvc sub-encoding to TS1/0 on input line 324.
Package textcomp Info: Setting futs sub-encoding to TS1/4 on input line 325.
Package textcomp Info: Setting futx sub-encoding to TS1/4 on input line 326.
Package textcomp Info: Setting futj sub-encoding to TS1/4 on input line 327.
Package textcomp Info: Setting hlh sub-encoding to TS1/3 on input line 328.
Package textcomp Info: Setting hls sub-encoding to TS1/3 on input line 329.
Package textcomp Info: Setting hlst sub-encoding to TS1/3 on input line 330.
Package textcomp Info: Setting hlct sub-encoding to TS1/5 on input line 331.
Package textcomp Info: Setting hlx sub-encoding to TS1/5 on input line 332.
Package textcomp Info: Setting hlce sub-encoding to TS1/5 on input line 333.
Package textcomp Info: Setting hlcn sub-encoding to TS1/5 on input line 334.
Package textcomp Info: Setting hlcw sub-encoding to TS1/5 on input line 335.
Package textcomp Info: Setting hlcf sub-encoding to TS1/5 on input line 336.
Package textcomp Info: Setting pplx sub-encoding to TS1/3 on input line 337.
Package textcomp Info: Setting pplj sub-encoding to TS1/3 on input line 338.
Package textcomp Info: Setting ptmx sub-encoding to TS1/4 on input line 339.
Package textcomp Info: Setting ptmj sub-encoding to TS1/4 on input line 340.
))
(/usr/local/texlive/2014/texmf-dist/tex/latex/newtx/newtxmath.sty
Package: newtxmath 2014/04/26 v1.27

`newtxmath' v1.27, 2014/04/26 Math macros based on txfonts (msharpe)
(/usr/local/texlive/2014/texmf-dist/tex/generic/ifxetex/ifxetex.sty
Package: ifxetex 2010/09/12 v0.6 Provides ifxetex conditional
)
(/usr/local/texlive/2014/texmf-dist/tex/generic/oberdiek/ifluatex.sty
Package: ifluatex 2010/03/01 v1.3 Provides the ifluatex switch (HO)
Package ifluatex Info: LuaTeX not detected.
)
(/usr/local/texlive/2014/texmf-dist/tex/generic/kastrup/binhex.tex)
\tx@Isdigit=\count112
LaTeX Font Info:    Redeclaring symbol font `operators' on input line 98.
LaTeX Font Info:    Encoding `OT1' has changed to `T1' for symbol font
(Font)              `operators' in the math version `normal' on input line 98.
LaTeX Font Info:    Overwriting symbol font `operators' in version `normal'
(Font)                  OT1/cmr/m/n --> T1/ntxrx/m/n on input line 98.
LaTeX Font Info:    Encoding `OT1' has changed to `T1' for symbol font
(Font)              `operators' in the math version `bold' on input line 98.
LaTeX Font Info:    Overwriting symbol font `operators' in version `bold'
(Font)                  OT1/cmr/bx/n --> T1/ntxrx/m/n on input line 98.
LaTeX Font Info:    Overwriting symbol font `operators' in version `bold'
(Font)                  T1/ntxrx/m/n --> T1/ntxrx/b/n on input line 99.
LaTeX Font Info:    Redeclaring math alphabet \mathsf on input line 105.
LaTeX Font Info:    Overwriting math alphabet `\mathsf' in version `normal'
(Font)                  OT1/cmss/m/n --> T1/qhv/m/n on input line 105.
LaTeX Font Info:    Overwriting math alphabet `\mathsf' in version `bold'
(Font)                  OT1/cmss/bx/n --> T1/qhv/m/n on input line 105.
LaTeX Font Info:    Redeclaring math alphabet \mathit on input line 106.
LaTeX Font Info:    Overwriting math alphabet `\mathit' in version `normal'
(Font)                  OT1/cmr/m/it --> T1/ntxrx/m/it on input line 106.
LaTeX Font Info:    Overwriting math alphabet `\mathit' in version `bold'
(Font)                  OT1/cmr/bx/it --> T1/ntxrx/m/it on input line 106.
LaTeX Font Info:    Redeclaring math alphabet \mathtt on input line 107.
LaTeX Font Info:    Overwriting math alphabet `\mathtt' in version `normal'
(Font)                  OT1/cmtt/m/n --> T1/ntxtt/m/n on input line 107.
LaTeX Font Info:    Overwriting math alphabet `\mathtt' in version `bold'
(Font)                  OT1/cmtt/m/n --> T1/ntxtt/m/n on input line 107.
LaTeX Font Info:    Redeclaring math alphabet \mathbf on input line 109.
LaTeX Font Info:    Overwriting math alphabet `\mathbf' in version `normal'
(Font)                  OT1/cmr/bx/n --> T1/ntxrx/b/n on input line 109.
LaTeX Font Info:    Overwriting math alphabet `\mathbf' in version `bold'
(Font)                  OT1/cmr/bx/n --> T1/ntxrx/b/n on input line 109.
LaTeX Font Info:    Overwriting math alphabet `\mathit' in version `bold'
(Font)                  T1/ntxrx/m/it --> T1/ntxrx/b/it on input line 110.
LaTeX Font Info:    Overwriting math alphabet `\mathsf' in version `bold'
(Font)                  T1/qhv/m/n --> T1/qhv/b/n on input line 111.
LaTeX Font Info:    Overwriting math alphabet `\mathtt' in version `bold'
(Font)                  T1/ntxtt/m/n --> T1/ntxtt/b/n on input line 112.
LaTeX Font Info:    Redeclaring symbol font `letters' on input line 142.
LaTeX Font Info:    Overwriting symbol font `letters' in version `normal'
(Font)                  OML/cmm/m/it --> OML/ntxmi/m/it on input line 142.
LaTeX Font Info:    Overwriting symbol font `letters' in version `bold'
(Font)                  OML/cmm/b/it --> OML/ntxmi/m/it on input line 142.
LaTeX Font Info:    Overwriting symbol font `letters' in version `bold'
(Font)                  OML/ntxmi/m/it --> OML/ntxmi/b/it on input line 143.
\symlettersA=\mathgroup7
LaTeX Font Info:    Overwriting symbol font `lettersA' in version `bold'
(Font)                  U/ntxmia/m/it --> U/ntxmia/b/it on input line 156.
LaTeX Font Info:    Redeclaring math alphabet \mathfrak on input line 158.
LaTeX Font Info:    Redeclaring symbol font `symbols' on input line 164.
LaTeX Font Info:    Overwriting symbol font `symbols' in version `normal'
(Font)                  OMS/cmsy/m/n --> OMS/ntxsy/m/n on input line 164.
LaTeX Font Info:    Overwriting symbol font `symbols' in version `bold'
(Font)                  OMS/cmsy/b/n --> OMS/ntxsy/m/n on input line 164.
LaTeX Font Info:    Overwriting symbol font `symbols' in version `bold'
(Font)                  OMS/ntxsy/m/n --> OMS/ntxsy/b/n on input line 165.
LaTeX Font Info:    Redeclaring symbol font `AMSa' on input line 180.
LaTeX Font Info:    Overwriting symbol font `AMSa' in version `normal'
(Font)                  U/msa/m/n --> U/ntxsya/m/n on input line 180.
LaTeX Font Info:    Overwriting symbol font `AMSa' in version `bold'
(Font)                  U/msa/m/n --> U/ntxsya/m/n on input line 180.
LaTeX Font Info:    Overwriting symbol font `AMSa' in version `bold'
(Font)                  U/ntxsya/m/n --> U/ntxsya/b/n on input line 181.
LaTeX Font Info:    Redeclaring symbol font `AMSb' on input line 189.
LaTeX Font Info:    Overwriting symbol font `AMSb' in version `normal'
(Font)                  U/msb/m/n --> U/ntxsyb/m/n on input line 189.
LaTeX Font Info:    Overwriting symbol font `AMSb' in version `bold'
(Font)                  U/msb/m/n --> U/ntxsyb/m/n on input line 189.
LaTeX Font Info:    Overwriting symbol font `AMSb' in version `bold'
(Font)                  U/ntxsyb/m/n --> U/ntxsyb/b/n on input line 190.
\symsymbolsC=\mathgroup8
LaTeX Font Info:    Overwriting symbol font `symbolsC' in version `bold'
(Font)                  U/ntxsyc/m/n --> U/ntxsyc/b/n on input line 201.
LaTeX Font Info:    Redeclaring symbol font `largesymbols' on input line 214.
LaTeX Font Info:    Encoding `OMX' has changed to `LMX' for symbol font
(Font)              `largesymbols' in the math version `normal' on input line 2
14.
LaTeX Font Info:    Overwriting symbol font `largesymbols' in version `normal'
(Font)                  OMX/cmex/m/n --> LMX/ntxexx/m/n on input line 214.
LaTeX Font Info:    Encoding `OMX' has changed to `LMX' for symbol font
(Font)              `largesymbols' in the math version `bold' on input line 214
.
LaTeX Font Info:    Overwriting symbol font `largesymbols' in version `bold'
(Font)                  OMX/cmex/m/n --> LMX/ntxexx/m/n on input line 214.
LaTeX Font Info:    Overwriting symbol font `largesymbols' in version `bold'
(Font)                  LMX/ntxexx/m/n --> LMX/ntxexx/b/n on input line 215.
\symlargesymbolsTXA=\mathgroup9
LaTeX Font Info:    Overwriting symbol font `largesymbolsTXA' in version `bold'

(Font)                  U/ntxexa/m/n --> U/ntxexa/b/n on input line 229.
LaTeX Info: Redefining \not on input line 1550.
)
(/usr/local/texlive/2014/texmf-dist/tex/latex/booktabs/booktabs.sty
Package: booktabs 2005/04/14 v1.61803 publication quality tables
\heavyrulewidth=\dimen124
\lightrulewidth=\dimen125
\cmidrulewidth=\dimen126
\belowrulesep=\dimen127
\belowbottomsep=\dimen128
\aboverulesep=\dimen129
\abovetopsep=\dimen130
\cmidrulesep=\dimen131
\cmidrulekern=\dimen132
\defaultaddspace=\dimen133
\@cmidla=\count113
\@cmidlb=\count114
\@aboverulesep=\dimen134
\@belowrulesep=\dimen135
\@thisruleclass=\count115
\@lastruleclass=\count116
\@thisrulewidth=\dimen136
)
(/usr/local/texlive/2014/texmf-dist/tex/latex/minted/minted.sty
Package: minted 2011/09/17 v1.7 Yet another Pygments shim for LaTeX

(/usr/local/texlive/2014/texmf-dist/tex/latex/fancyvrb/fancyvrb.sty
Package: fancyvrb 2008/02/07

Style option: `fancyvrb' v2.7a, with DG/SPQR fixes, and firstline=lastline fix 
<2008/02/07> (tvz)
\FV@CodeLineNo=\count117
\FV@InFile=\read2
\FV@TabBox=\box34
\c@FancyVerbLine=\count118
\FV@StepNumber=\count119
\FV@OutFile=\write3
)
(/usr/local/texlive/2014/texmf-dist/tex/latex/xcolor/xcolor.sty
Package: xcolor 2007/01/21 v2.11 LaTeX color extensions (UK)

(/usr/local/texlive/2014/texmf-dist/tex/latex/latexconfig/color.cfg
File: color.cfg 2007/01/18 v1.5 color configuration of teTeX/TeXLive
)
Package xcolor Info: Driver file: pdftex.def on input line 225.
Package xcolor Info: Model `cmy' substituted by `cmy0' on input line 1337.
Package xcolor Info: Model `hsb' substituted by `rgb' on input line 1341.
Package xcolor Info: Model `RGB' extended on input line 1353.
Package xcolor Info: Model `HTML' substituted by `rgb' on input line 1355.
Package xcolor Info: Model `Hsb' substituted by `hsb' on input line 1356.
Package xcolor Info: Model `tHsb' substituted by `hsb' on input line 1357.
Package xcolor Info: Model `HSB' substituted by `hsb' on input line 1358.
Package xcolor Info: Model `Gray' substituted by `gray' on input line 1359.
Package xcolor Info: Model `wave' substituted by `hsb' on input line 1360.
)
(/usr/local/texlive/2014/texmf-dist/tex/latex/float/float.sty
Package: float 2001/11/08 v1.3d Float enhancements (AL)
\c@float@type=\count120
\float@exts=\toks25
\float@box=\box35
\@float@everytoks=\toks26
\@floatcapt=\box36
)
(/usr/local/texlive/2014/texmf-dist/tex/latex/base/ifthen.sty
Package: ifthen 2001/05/26 v1.1c Standard LaTeX ifthen package (DPC)
)
(/usr/local/texlive/2014/texmf-dist/tex/latex/tools/calc.sty
Package: calc 2007/08/22 v4.3 Infix arithmetic (KKT,FJ)
\calc@Acount=\count121
\calc@Bcount=\count122
\calc@Adimen=\dimen137
\calc@Bdimen=\dimen138
\calc@Askip=\skip49
\calc@Bskip=\skip50
LaTeX Info: Redefining \setlength on input line 75.
LaTeX Info: Redefining \addtolength on input line 76.
\calc@Ccount=\count123
\calc@Cskip=\skip51
)
(/usr/local/texlive/2014/texmf-dist/tex/latex/ifplatform/ifplatform.sty
Package: ifplatform 2010/10/22 v0.4 Testing for the operating system

(/usr/local/texlive/2014/texmf-dist/tex/generic/oberdiek/pdftexcmds.sty
Package: pdftexcmds 2011/11/29 v0.20 Utility functions of pdfTeX for LuaTeX (HO
)

(/usr/local/texlive/2014/texmf-dist/tex/generic/oberdiek/ifpdf.sty
Package: ifpdf 2011/01/30 v2.3 Provides the ifpdf switch (HO)
Package ifpdf Info: pdfTeX in PDF mode is detected.
)
Package pdftexcmds Info: LuaTeX not detected.
Package pdftexcmds Info: \pdf@primitive is available.
Package pdftexcmds Info: \pdf@ifprimitive is available.
Package pdftexcmds Info: \pdfdraftmode found.
)
(/usr/local/texlive/2014/texmf-dist/tex/generic/oberdiek/catchfile.sty
Package: catchfile 2011/03/01 v1.6 Catch the contents of a file (HO)

(/usr/local/texlive/2014/texmf-dist/tex/generic/oberdiek/etexcmds.sty
Package: etexcmds 2011/02/16 v1.5 Avoid name clashes with e-TeX commands (HO)
Package etexcmds Info: Could not find \expanded.
(etexcmds)             That can mean that you are not using pdfTeX 1.50 or
(etexcmds)             that some package has redefined \expanded.
(etexcmds)             In the latter case, load this package earlier.
))
runsystem(uname -s > "will-muse-calib.w18")...executed.


(./will-muse-calib.w18)
runsystem(rm -- "will-muse-calib.w18")...executed.

)
\minted@bgbox=\box37
\minted@code=\write4
\@float@every@listing=\toks27
\c@listing=\count124
)
runsystem(which pygmentize && touch will-muse-calib.aex)...executed.

runsystem(rm will-muse-calib.aex)...executed.


(/usr/local/texlive/2014/texmf-dist/tex/latex/geometry/geometry.sty
Package: geometry 2010/09/12 v5.6 Page Geometry

(/usr/local/texlive/2014/texmf-dist/tex/generic/oberdiek/ifvtex.sty
Package: ifvtex 2010/03/01 v1.5 Detect VTeX and its facilities (HO)
Package ifvtex Info: VTeX not detected.
)
\Gm@cnth=\count125
\Gm@cntv=\count126
\c@Gm@tempcnt=\count127
\Gm@bindingoffset=\dimen139
\Gm@wd@mp=\dimen140
\Gm@odd@mp=\dimen141
\Gm@even@mp=\dimen142
\Gm@layoutwidth=\dimen143
\Gm@layoutheight=\dimen144
\Gm@layouthoffset=\dimen145
\Gm@layoutvoffset=\dimen146
\Gm@dimlist=\toks28
)
(/usr/local/texlive/2014/texmf-dist/tex/latex/microtype/microtype.sty
Package: microtype 2013/05/23 v2.5a Micro-typographical refinements (RS)
\MT@toks=\toks29
\MT@count=\count128
LaTeX Info: Redefining \textls on input line 766.
\MT@outer@kern=\dimen147
LaTeX Info: Redefining \textmicrotypecontext on input line 1285.
\MT@listname@count=\count129

(/usr/local/texlive/2014/texmf-dist/tex/latex/microtype/microtype-pdftex.def
File: microtype-pdftex.def 2013/05/23 v2.5a Definitions specific to pdftex (RS)

LaTeX Info: Redefining \lsstyle on input line 915.
LaTeX Info: Redefining \lslig on input line 915.
\MT@outer@space=\skip52
)
Package microtype Info: Loading configuration file microtype.cfg.

(/usr/local/texlive/2014/texmf-dist/tex/latex/microtype/microtype.cfg
File: microtype.cfg 2013/05/23 v2.5a microtype main configuration file (RS)
))
(/Users/will/Work/RubinWFC3/Tsquared/wfc3-macros.tex) (./will-muse-calib.aux)
\openout1 = `will-muse-calib.aux'.

LaTeX Font Info:    Checking defaults for OML/ntxmi/m/it on input line 24.
LaTeX Font Info:    Try loading font information for OML+ntxmi on input line 24
.

(/usr/local/texlive/2014/texmf-dist/tex/latex/newtx/omlntxmi.fd
File: omlntxmi.fd 2012/03/22 Fontinst v1.933 font definitions for OML/ntxmi.
)
LaTeX Font Info:    ... okay on input line 24.
LaTeX Font Info:    Checking defaults for T1/cmr/m/n on input line 24.
LaTeX Font Info:    ... okay on input line 24.
LaTeX Font Info:    Checking defaults for OT1/cmr/m/n on input line 24.
LaTeX Font Info:    ... okay on input line 24.
LaTeX Font Info:    Checking defaults for OMS/ntxsy/m/n on input line 24.
LaTeX Font Info:    Try loading font information for OMS+ntxsy on input line 24
.

(/usr/local/texlive/2014/texmf-dist/tex/latex/newtx/omsntxsy.fd
File: omsntxsy.fd 2012/11/14 Fontinst v1.933 font definitions for OMS/ntxsy.
)
LaTeX Font Info:    ... okay on input line 24.
LaTeX Font Info:    Checking defaults for OMX/cmex/m/n on input line 24.
LaTeX Font Info:    ... okay on input line 24.
LaTeX Font Info:    Checking defaults for U/ntxexa/m/n on input line 24.
LaTeX Font Info:    Try loading font information for U+ntxexa on input line 24.


(/usr/local/texlive/2014/texmf-dist/tex/latex/newtx/untxexa.fd
File: untxexa.fd 2012/04/16 Fontinst v1.933 font definitions for U/ntxexa.
)
LaTeX Font Info:    ... okay on input line 24.
LaTeX Font Info:    Checking defaults for TS1/cmr/m/n on input line 24.
LaTeX Font Info:    Try loading font information for TS1+cmr on input line 24.

(/usr/local/texlive/2014/texmf-dist/tex/latex/base/ts1cmr.fd
File: ts1cmr.fd 1999/05/25 v2.5h Standard LaTeX font definitions
)
LaTeX Font Info:    ... okay on input line 24.
LaTeX Font Info:    Checking defaults for LMX/ntxexx/m/n on input line 24.
LaTeX Font Info:    ... okay on input line 24.
LaTeX Font Info:    Try loading font information for T1+ntxrx on input line 24.


(/usr/local/texlive/2014/texmf-dist/tex/latex/newtx/t1ntxrx.fd
File: t1ntxrx.fd 2012/12/25 v1.0
)
LaTeX Font Info:    Font shape `T1/ntxrx/m/n' will be
(Font)              scaled to size 10.95pt on input line 24.

(/usr/local/texlive/2014/texmf-dist/tex/context/base/supp-pdf.mkii
[Loading MPS to PDF converter (version 2006.09.02).]
\scratchcounter=\count130
\scratchdimen=\dimen148
\scratchbox=\box38
\nofMPsegments=\count131
\nofMParguments=\count132
\everyMPshowfont=\toks30
\MPscratchCnt=\count133
\MPscratchDim=\dimen149
\MPnumerator=\count134
\makeMPintoPDFobject=\count135
\everyMPtoPDFconversion=\toks31
) (/usr/local/texlive/2014/texmf-dist/tex/latex/oberdiek/epstopdf-base.sty
Package: epstopdf-base 2010/02/09 v2.5 Base part for package epstopdf

(/usr/local/texlive/2014/texmf-dist/tex/latex/oberdiek/grfext.sty
Package: grfext 2010/08/19 v1.1 Manage graphics extensions (HO)

(/usr/local/texlive/2014/texmf-dist/tex/generic/oberdiek/kvdefinekeys.sty
Package: kvdefinekeys 2011/04/07 v1.3 Define keys (HO)
))
(/usr/local/texlive/2014/texmf-dist/tex/latex/oberdiek/kvoptions.sty
Package: kvoptions 2011/06/30 v3.11 Key value format for package options (HO)

(/usr/local/texlive/2014/texmf-dist/tex/generic/oberdiek/kvsetkeys.sty
Package: kvsetkeys 2012/04/25 v1.16 Key value parser (HO)
))
Package grfext Info: Graphics extension search list:
(grfext)             [.png,.pdf,.jpg,.mps,.jpeg,.jbig2,.jb2,.PNG,.PDF,.JPG,.JPE
G,.JBIG2,.JB2,.eps]
(grfext)             \AppendGraphicsExtensions on input line 452.

(/usr/local/texlive/2014/texmf-dist/tex/latex/latexconfig/epstopdf-sys.cfg
File: epstopdf-sys.cfg 2010/07/13 v1.3 Configuration of (r)epstopdf for TeX Liv
e
))
AAS preprint substyle, v5.2 <12 Dec 2003>.
\c@mv@tabular=\count136
\c@mv@boldtabular=\count137
runsystem(pygmentize -S default -f latex > will-muse-calib.pyg)...executed.

(./will-muse-calib.pyg)
*geometry* driver: auto-detecting
*geometry* detected driver: pdftex
*geometry* verbose mode - [ preamble ] result:
* driver: pdftex
* paper: <default>
* layout: <same size as paper>
* layoutoffset:(h,v)=(0.0pt,0.0pt)
* modes: 
* h-part:(L,W,R)=(72.26999pt, 469.75502pt, 72.26999pt)
* v-part:(T,H,B)=(72.26999pt, 650.43001pt, 72.26999pt)
* \paperwidth=614.295pt
* \paperheight=794.96999pt
* \textwidth=469.75502pt
* \textheight=650.43001pt
* \oddsidemargin=0.0pt
* \evensidemargin=0.0pt
* \topmargin=-35.84006pt
* \headheight=10.84006pt
* \headsep=25.0pt
* \topskip=11.0pt
* \footskip=30.0pt
* \marginparwidth=0.0pt
* \marginparsep=10.0pt
* \columnsep=10.0pt
* \skip\footins=18.85828pt plus 4.71457pt minus 2.35728pt
* \hoffset=0.0pt
* \voffset=0.0pt
* \mag=1000
* \@twocolumnfalse
* \@twosidefalse
* \@mparswitchfalse
* \@reversemarginfalse
* (1in=72.27pt=25.4mm, 1cm=28.453pt)

LaTeX Info: Redefining \microtypecontext on input line 24.
Package microtype Info: Generating PDF output.
Package microtype Info: Character protrusion enabled (level 2).
Package microtype Info: Using default protrusion set `alltext'.
Package microtype Info: Automatic font expansion enabled (level 2),
(microtype)             stretch: 20, shrink: 20, step: 1, non-selected.
Package microtype Info: Using default expansion set `basictext'.
Package microtype Info: No adjustment of tracking.
Package microtype Info: No adjustment of interword spacing.
Package microtype Info: No adjustment of character kerning.
Package microtype Info: Loading generic settings for font family
(microtype)             `ntxrx' (encoding: T1).
(microtype)             For optimal results, create family-specific settings.
(microtype)             See the microtype manual for details.
LaTeX Font Info:    Font shape `T1/ntxrx/m/n' will be
(Font)              scaled to size 12.0pt on input line 28.
LaTeX Font Info:    Font shape `T1/ntxrx/bx/n' will be
(Font)              scaled to size 12.0pt on input line 28.
LaTeX Font Info:    Font shape `T1/ntxrx/bx/n' will be
(Font)              scaled to size 10.95pt on input line 28.
LaTeX Font Info:    Font shape `T1/ntxrx/m/n' will be
(Font)              scaled to size 9.0pt on input line 51.
LaTeX Font Info:    Font shape `T1/ntxrx/m/n' will be
(Font)              scaled to size 7.3pt on input line 52.
LaTeX Font Info:    Font shape `T1/ntxrx/m/n' will be
(Font)              scaled to size 5.5pt on input line 52.
LaTeX Font Info:    Try loading font information for U+lasy on input line 52.
(/usr/local/texlive/2014/texmf-dist/tex/latex/base/ulasy.fd
File: ulasy.fd 1998/08/17 v2.2e LaTeX symbol font definitions
)

LaTeX Font Warning: Font shape `U/lasy/m/n' in size <5.5> not available
(Font)              size <5> substituted on input line 52.

LaTeX Font Info:    Try loading font information for U+ntxsya on input line 52.

(/usr/local/texlive/2014/texmf-dist/tex/latex/newtx/untxsya.fd
File: untxsya.fd 2012/04/12 Fontinst v1.933 font definitions for U/ntxsya.
)
LaTeX Font Info:    Try loading font information for U+ntxsyb on input line 52.


(/usr/local/texlive/2014/texmf-dist/tex/latex/newtx/untxsyb.fd
File: untxsyb.fd 2012/04/12 Fontinst v1.933 font definitions for U/ntxsyb.
)
LaTeX Font Info:    Try loading font information for U+ntxmia on input line 52.


(/usr/local/texlive/2014/texmf-dist/tex/latex/newtx/untxmia.fd
File: untxmia.fd 2012/04/16 Fontinst v1.933 font definitions for U/ntxmia.
)
LaTeX Font Info:    Try loading font information for U+ntxsyc on input line 52.


(/usr/local/texlive/2014/texmf-dist/tex/latex/newtx/untxsyc.fd
File: untxsyc.fd 2012/04/12 Fontinst v1.933 font definitions for U/ntxsyc.
)
<muse-log10_S_6716_-log10_N_S_II_-histogram-full001.pdf, id=1, 289.08pt x 289.0
8pt>
File: muse-log10_S_6716_-log10_N_S_II_-histogram-full001.pdf Graphic file (type
 pdf)
 <use muse-log10_S_6716_-log10_N_S_II_-histogram-full001.pdf>
Package pdftex.def Info: muse-log10_S_6716_-log10_N_S_II_-histogram-full001.pdf
 used on input line 54.
(pdftex.def)             Requested size: 93.94957pt x 93.94987pt.

<muse-log10_S_5518_-log10_N_Cl_III_-histogram-full001.pdf, id=2, 289.08pt x 289
.08pt>
File: muse-log10_S_5518_-log10_N_Cl_III_-histogram-full001.pdf Graphic file (ty
pe pdf)
 <use muse-log10_S_5518_-log10_N_Cl_III_-histogram-full001.pdf>
Package pdftex.def Info: muse-log10_S_5518_-log10_N_Cl_III_-histogram-full001.p
df used on input line 54.
(pdftex.def)             Requested size: 93.94957pt x 93.94987pt.

<muse-log10_S_5755_-T_N_II-histogram-full001.pdf, id=3, 289.08pt x 289.08pt>
File: muse-log10_S_5755_-T_N_II-histogram-full001.pdf Graphic file (type pdf)

<use muse-log10_S_5755_-T_N_II-histogram-full001.pdf>
Package pdftex.def Info: muse-log10_S_5755_-T_N_II-histogram-full001.pdf used o
n input line 54.
(pdftex.def)             Requested size: 93.94957pt x 93.94987pt.

<muse-log10_S_6312_-T_S_III-histogram-full001.pdf, id=4, 289.08pt x 289.08pt>
File: muse-log10_S_6312_-T_S_III-histogram-full001.pdf Graphic file (type pdf)

<use muse-log10_S_6312_-T_S_III-histogram-full001.pdf>
Package pdftex.def Info: muse-log10_S_6312_-T_S_III-histogram-full001.pdf used 
on input line 54.
(pdftex.def)             Requested size: 93.94957pt x 93.94987pt.

<muse-log10_S_6716_-log10_N_S_II_-histogram-full004.pdf, id=5, 289.08pt x 289.0
8pt>
File: muse-log10_S_6716_-log10_N_S_II_-histogram-full004.pdf Graphic file (type
 pdf)
 <use muse-log10_S_6716_-log10_N_S_II_-histogram-full004.pdf>
Package pdftex.def Info: muse-log10_S_6716_-log10_N_S_II_-histogram-full004.pdf
 used on input line 55.
(pdftex.def)             Requested size: 93.94957pt x 93.94987pt.

<muse-log10_S_5518_-log10_N_Cl_III_-histogram-full004.pdf, id=6, 289.08pt x 289
.08pt>
File: muse-log10_S_5518_-log10_N_Cl_III_-histogram-full004.pdf Graphic file (ty
pe pdf)
 <use muse-log10_S_5518_-log10_N_Cl_III_-histogram-full004.pdf>
Package pdftex.def Info: muse-log10_S_5518_-log10_N_Cl_III_-histogram-full004.p
df used on input line 55.
(pdftex.def)             Requested size: 93.94957pt x 93.94987pt.

<muse-log10_S_5755_-T_N_II-histogram-full004.pdf, id=7, 289.08pt x 289.08pt>
File: muse-log10_S_5755_-T_N_II-histogram-full004.pdf Graphic file (type pdf)

<use muse-log10_S_5755_-T_N_II-histogram-full004.pdf>
Package pdftex.def Info: muse-log10_S_5755_-T_N_II-histogram-full004.pdf used o
n input line 55.
(pdftex.def)             Requested size: 93.94957pt x 93.94987pt.

<muse-log10_S_6312_-T_S_III-histogram-full004.pdf, id=8, 289.08pt x 289.08pt>
File: muse-log10_S_6312_-T_S_III-histogram-full004.pdf Graphic file (type pdf)

<use muse-log10_S_6312_-T_S_III-histogram-full004.pdf>
Package pdftex.def Info: muse-log10_S_6312_-T_S_III-histogram-full004.pdf used 
on input line 55.
(pdftex.def)             Requested size: 93.94957pt x 93.94987pt.

<muse-log10_S_6716_-log10_N_S_II_-histogram-full016.pdf, id=9, 289.08pt x 289.0
8pt>
File: muse-log10_S_6716_-log10_N_S_II_-histogram-full016.pdf Graphic file (type
 pdf)
 <use muse-log10_S_6716_-log10_N_S_II_-histogram-full016.pdf>
Package pdftex.def Info: muse-log10_S_6716_-log10_N_S_II_-histogram-full016.pdf
 used on input line 56.
(pdftex.def)             Requested size: 93.94957pt x 93.94987pt.

<muse-log10_S_5518_-log10_N_Cl_III_-histogram-full016.pdf, id=10, 289.08pt x 28
9.08pt>
File: muse-log10_S_5518_-log10_N_Cl_III_-histogram-full016.pdf Graphic file (ty
pe pdf)
 <use muse-log10_S_5518_-log10_N_Cl_III_-histogram-full016.pdf>
Package pdftex.def Info: muse-log10_S_5518_-log10_N_Cl_III_-histogram-full016.p
df used on input line 56.
(pdftex.def)             Requested size: 93.94957pt x 93.94987pt.

<muse-log10_S_5755_-T_N_II-histogram-full016.pdf, id=11, 289.08pt x 289.08pt>
File: muse-log10_S_5755_-T_N_II-histogram-full016.pdf Graphic file (type pdf)

<use muse-log10_S_5755_-T_N_II-histogram-full016.pdf>
Package pdftex.def Info: muse-log10_S_5755_-T_N_II-histogram-full016.pdf used o
n input line 56.
(pdftex.def)             Requested size: 93.94957pt x 93.94987pt.

<muse-log10_S_6312_-T_S_III-histogram-full016.pdf, id=12, 289.08pt x 289.08pt>
File: muse-log10_S_6312_-T_S_III-histogram-full016.pdf Graphic file (type pdf)

<use muse-log10_S_6312_-T_S_III-histogram-full016.pdf>
Package pdftex.def Info: muse-log10_S_6312_-T_S_III-histogram-full016.pdf used 
on input line 56.
(pdftex.def)             Requested size: 93.94957pt x 93.94987pt.

<muse-log10_S_6716_-log10_N_S_II_-histogram-full064.pdf, id=13, 289.08pt x 289.
08pt>
File: muse-log10_S_6716_-log10_N_S_II_-histogram-full064.pdf Graphic file (type
 pdf)
 <use muse-log10_S_6716_-log10_N_S_II_-histogram-full064.pdf>
Package pdftex.def Info: muse-log10_S_6716_-log10_N_S_II_-histogram-full064.pdf
 used on input line 57.
(pdftex.def)             Requested size: 93.94957pt x 93.94987pt.

<muse-log10_S_5518_-log10_N_Cl_III_-histogram-full064.pdf, id=14, 289.08pt x 28
9.08pt>
File: muse-log10_S_5518_-log10_N_Cl_III_-histogram-full064.pdf Graphic file (ty
pe pdf)
 <use muse-log10_S_5518_-log10_N_Cl_III_-histogram-full064.pdf>
Package pdftex.def Info: muse-log10_S_5518_-log10_N_Cl_III_-histogram-full064.p
df used on input line 57.
(pdftex.def)             Requested size: 93.94957pt x 93.94987pt.

<muse-log10_S_5755_-T_N_II-histogram-full064.pdf, id=15, 289.08pt x 289.08pt>
File: muse-log10_S_5755_-T_N_II-histogram-full064.pdf Graphic file (type pdf)

<use muse-log10_S_5755_-T_N_II-histogram-full064.pdf>
Package pdftex.def Info: muse-log10_S_5755_-T_N_II-histogram-full064.pdf used o
n input line 57.
(pdftex.def)             Requested size: 93.94957pt x 93.94987pt.

<muse-log10_S_6312_-T_S_III-histogram-full064.pdf, id=16, 289.08pt x 289.08pt>
File: muse-log10_S_6312_-T_S_III-histogram-full064.pdf Graphic file (type pdf)

<use muse-log10_S_6312_-T_S_III-histogram-full064.pdf>
Package pdftex.def Info: muse-log10_S_6312_-T_S_III-histogram-full064.pdf used 
on input line 57.
(pdftex.def)             Requested size: 93.94957pt x 93.94987pt.

<muse-log10_S_6716_-log10_N_S_II_-histogram-sweet001.pdf, id=17, 289.08pt x 289
.08pt>
File: muse-log10_S_6716_-log10_N_S_II_-histogram-sweet001.pdf Graphic file (typ
e pdf)
 <use muse-log10_S_6716_-log10_N_S_II_-histogram-sweet001.pdf>
Package pdftex.def Info: muse-log10_S_6716_-log10_N_S_II_-histogram-sweet001.pd
f used on input line 69.
(pdftex.def)             Requested size: 93.94957pt x 93.94987pt.

<muse-log10_S_5518_-log10_N_Cl_III_-histogram-sweet001.pdf, id=18, 289.08pt x 2
89.08pt>
File: muse-log10_S_5518_-log10_N_Cl_III_-histogram-sweet001.pdf Graphic file (t
ype pdf)
 <use muse-log10_S_5518_-log10_N_Cl_III_-histogram-sweet001.pdf>
Package pdftex.def Info: muse-log10_S_5518_-log10_N_Cl_III_-histogram-sweet001.
pdf used on input line 69.
(pdftex.def)             Requested size: 93.94957pt x 93.94987pt.

<muse-log10_S_5755_-T_N_II-histogram-sweet001.pdf, id=19, 289.08pt x 289.08pt>
File: muse-log10_S_5755_-T_N_II-histogram-sweet001.pdf Graphic file (type pdf)

<use muse-log10_S_5755_-T_N_II-histogram-sweet001.pdf>
Package pdftex.def Info: muse-log10_S_5755_-T_N_II-histogram-sweet001.pdf used 
on input line 69.
(pdftex.def)             Requested size: 93.94957pt x 93.94987pt.

<muse-log10_S_6312_-T_S_III-histogram-sweet001.pdf, id=20, 289.08pt x 289.08pt>
File: muse-log10_S_6312_-T_S_III-histogram-sweet001.pdf Graphic file (type pdf)

<use muse-log10_S_6312_-T_S_III-histogram-sweet001.pdf>
Package pdftex.def Info: muse-log10_S_6312_-T_S_III-histogram-sweet001.pdf used
 on input line 69.
(pdftex.def)             Requested size: 93.94957pt x 93.94987pt.

<muse-log10_S_6716_-log10_N_S_II_-histogram-sweet004.pdf, id=21, 289.08pt x 289
.08pt>
File: muse-log10_S_6716_-log10_N_S_II_-histogram-sweet004.pdf Graphic file (typ
e pdf)
 <use muse-log10_S_6716_-log10_N_S_II_-histogram-sweet004.pdf>
Package pdftex.def Info: muse-log10_S_6716_-log10_N_S_II_-histogram-sweet004.pd
f used on input line 70.
(pdftex.def)             Requested size: 93.94957pt x 93.94987pt.

<muse-log10_S_5518_-log10_N_Cl_III_-histogram-sweet004.pdf, id=22, 289.08pt x 2
89.08pt>
File: muse-log10_S_5518_-log10_N_Cl_III_-histogram-sweet004.pdf Graphic file (t
ype pdf)
 <use muse-log10_S_5518_-log10_N_Cl_III_-histogram-sweet004.pdf>
Package pdftex.def Info: muse-log10_S_5518_-log10_N_Cl_III_-histogram-sweet004.
pdf used on input line 70.
(pdftex.def)             Requested size: 93.94957pt x 93.94987pt.

<muse-log10_S_5755_-T_N_II-histogram-sweet004.pdf, id=23, 289.08pt x 289.08pt>
File: muse-log10_S_5755_-T_N_II-histogram-sweet004.pdf Graphic file (type pdf)

<use muse-log10_S_5755_-T_N_II-histogram-sweet004.pdf>
Package pdftex.def Info: muse-log10_S_5755_-T_N_II-histogram-sweet004.pdf used 
on input line 70.
(pdftex.def)             Requested size: 93.94957pt x 93.94987pt.

<muse-log10_S_6312_-T_S_III-histogram-sweet004.pdf, id=24, 289.08pt x 289.08pt>
File: muse-log10_S_6312_-T_S_III-histogram-sweet004.pdf Graphic file (type pdf)

<use muse-log10_S_6312_-T_S_III-histogram-sweet004.pdf>
Package pdftex.def Info: muse-log10_S_6312_-T_S_III-histogram-sweet004.pdf used
 on input line 70.
(pdftex.def)             Requested size: 93.94957pt x 93.94987pt.

<muse-log10_S_6716_-log10_N_S_II_-histogram-sweet016.pdf, id=25, 289.08pt x 289
.08pt>
File: muse-log10_S_6716_-log10_N_S_II_-histogram-sweet016.pdf Graphic file (typ
e pdf)
 <use muse-log10_S_6716_-log10_N_S_II_-histogram-sweet016.pdf>
Package pdftex.def Info: muse-log10_S_6716_-log10_N_S_II_-histogram-sweet016.pd
f used on input line 71.
(pdftex.def)             Requested size: 93.94957pt x 93.94987pt.

<muse-log10_S_5518_-log10_N_Cl_III_-histogram-sweet016.pdf, id=26, 289.08pt x 2
89.08pt>
File: muse-log10_S_5518_-log10_N_Cl_III_-histogram-sweet016.pdf Graphic file (t
ype pdf)
 <use muse-log10_S_5518_-log10_N_Cl_III_-histogram-sweet016.pdf>
Package pdftex.def Info: muse-log10_S_5518_-log10_N_Cl_III_-histogram-sweet016.
pdf used on input line 71.
(pdftex.def)             Requested size: 93.94957pt x 93.94987pt.

<muse-log10_S_5755_-T_N_II-histogram-sweet016.pdf, id=27, 289.08pt x 289.08pt>
File: muse-log10_S_5755_-T_N_II-histogram-sweet016.pdf Graphic file (type pdf)

<use muse-log10_S_5755_-T_N_II-histogram-sweet016.pdf>
Package pdftex.def Info: muse-log10_S_5755_-T_N_II-histogram-sweet016.pdf used 
on input line 71.
(pdftex.def)             Requested size: 93.94957pt x 93.94987pt.

<muse-log10_S_6312_-T_S_III-histogram-sweet016.pdf, id=28, 289.08pt x 289.08pt>
File: muse-log10_S_6312_-T_S_III-histogram-sweet016.pdf Graphic file (type pdf)

<use muse-log10_S_6312_-T_S_III-histogram-sweet016.pdf>
Package pdftex.def Info: muse-log10_S_6312_-T_S_III-histogram-sweet016.pdf used
 on input line 71.
(pdftex.def)             Requested size: 93.94957pt x 93.94987pt.

<muse-log10_S_6716_-log10_N_S_II_-histogram-sweet064.pdf, id=29, 289.08pt x 289
.08pt>
File: muse-log10_S_6716_-log10_N_S_II_-histogram-sweet064.pdf Graphic file (typ
e pdf)
 <use muse-log10_S_6716_-log10_N_S_II_-histogram-sweet064.pdf>
Package pdftex.def Info: muse-log10_S_6716_-log10_N_S_II_-histogram-sweet064.pd
f used on input line 72.
(pdftex.def)             Requested size: 93.94957pt x 93.94987pt.

<muse-log10_S_5518_-log10_N_Cl_III_-histogram-sweet064.pdf, id=30, 289.08pt x 2
89.08pt>
File: muse-log10_S_5518_-log10_N_Cl_III_-histogram-sweet064.pdf Graphic file (t
ype pdf)
 <use muse-log10_S_5518_-log10_N_Cl_III_-histogram-sweet064.pdf>
Package pdftex.def Info: muse-log10_S_5518_-log10_N_Cl_III_-histogram-sweet064.
pdf used on input line 72.
(pdftex.def)             Requested size: 93.94957pt x 93.94987pt.

<muse-log10_S_5755_-T_N_II-histogram-sweet064.pdf, id=31, 289.08pt x 289.08pt>
File: muse-log10_S_5755_-T_N_II-histogram-sweet064.pdf Graphic file (type pdf)

<use muse-log10_S_5755_-T_N_II-histogram-sweet064.pdf>
Package pdftex.def Info: muse-log10_S_5755_-T_N_II-histogram-sweet064.pdf used 
on input line 72.
(pdftex.def)             Requested size: 93.94957pt x 93.94987pt.

<muse-log10_S_6312_-T_S_III-histogram-sweet064.pdf, id=32, 289.08pt x 289.08pt>
File: muse-log10_S_6312_-T_S_III-histogram-sweet064.pdf Graphic file (type pdf)

<use muse-log10_S_6312_-T_S_III-histogram-sweet064.pdf>
Package pdftex.def Info: muse-log10_S_6312_-T_S_III-histogram-sweet064.pdf used
 on input line 72.
(pdftex.def)             Requested size: 93.94957pt x 93.94987pt.

<muse-log10_N_S_II_-log10_N_Cl_III_-histogram-full001.pdf, id=33, 289.08pt x 28
9.08pt>
File: muse-log10_N_S_II_-log10_N_Cl_III_-histogram-full001.pdf Graphic file (ty
pe pdf)
 <use muse-log10_N_S_II_-log10_N_Cl_III_-histogram-full001.pdf>
Package pdftex.def Info: muse-log10_N_S_II_-log10_N_Cl_III_-histogram-full001.p
df used on input line 86.
(pdftex.def)             Requested size: 93.94957pt x 93.94987pt.

<muse-T_N_II-T_S_III-histogram-full001.pdf, id=34, 289.08pt x 289.08pt>
File: muse-T_N_II-T_S_III-histogram-full001.pdf Graphic file (type pdf)

<use muse-T_N_II-T_S_III-histogram-full001.pdf>
Package pdftex.def Info: muse-T_N_II-T_S_III-histogram-full001.pdf used on inpu
t line 86.
(pdftex.def)             Requested size: 93.94957pt x 93.94987pt.

<muse-log10_N_S_II_-T_N_II-histogram-full001.pdf, id=35, 289.08pt x 289.08pt>
File: muse-log10_N_S_II_-T_N_II-histogram-full001.pdf Graphic file (type pdf)

<use muse-log10_N_S_II_-T_N_II-histogram-full001.pdf>
Package pdftex.def Info: muse-log10_N_S_II_-T_N_II-histogram-full001.pdf used o
n input line 86.
(pdftex.def)             Requested size: 93.94957pt x 93.94987pt.

<muse-log10_N_Cl_III_-T_S_III-histogram-full001.pdf, id=36, 289.08pt x 289.08pt
>
File: muse-log10_N_Cl_III_-T_S_III-histogram-full001.pdf Graphic file (type pdf
)
 <use muse-log10_N_Cl_III_-T_S_III-histogram-full001.pdf>
Package pdftex.def Info: muse-log10_N_Cl_III_-T_S_III-histogram-full001.pdf use
d on input line 86.
(pdftex.def)             Requested size: 93.94957pt x 93.94987pt.

<muse-log10_N_S_II_-log10_N_Cl_III_-histogram-full004.pdf, id=37, 289.08pt x 28
9.08pt>
File: muse-log10_N_S_II_-log10_N_Cl_III_-histogram-full004.pdf Graphic file (ty
pe pdf)
 <use muse-log10_N_S_II_-log10_N_Cl_III_-histogram-full004.pdf>
Package pdftex.def Info: muse-log10_N_S_II_-log10_N_Cl_III_-histogram-full004.p
df used on input line 87.
(pdftex.def)             Requested size: 93.94957pt x 93.94987pt.

<muse-T_N_II-T_S_III-histogram-full004.pdf, id=38, 289.08pt x 289.08pt>
File: muse-T_N_II-T_S_III-histogram-full004.pdf Graphic file (type pdf)

<use muse-T_N_II-T_S_III-histogram-full004.pdf>
Package pdftex.def Info: muse-T_N_II-T_S_III-histogram-full004.pdf used on inpu
t line 87.
(pdftex.def)             Requested size: 93.94957pt x 93.94987pt.

<muse-log10_N_S_II_-T_N_II-histogram-full004.pdf, id=39, 289.08pt x 289.08pt>
File: muse-log10_N_S_II_-T_N_II-histogram-full004.pdf Graphic file (type pdf)

<use muse-log10_N_S_II_-T_N_II-histogram-full004.pdf>
Package pdftex.def Info: muse-log10_N_S_II_-T_N_II-histogram-full004.pdf used o
n input line 87.
(pdftex.def)             Requested size: 93.94957pt x 93.94987pt.

<muse-log10_N_Cl_III_-T_S_III-histogram-full004.pdf, id=40, 289.08pt x 289.08pt
>
File: muse-log10_N_Cl_III_-T_S_III-histogram-full004.pdf Graphic file (type pdf
)
 <use muse-log10_N_Cl_III_-T_S_III-histogram-full004.pdf>
Package pdftex.def Info: muse-log10_N_Cl_III_-T_S_III-histogram-full004.pdf use
d on input line 87.
(pdftex.def)             Requested size: 93.94957pt x 93.94987pt.

<muse-log10_N_S_II_-log10_N_Cl_III_-histogram-full016.pdf, id=41, 289.08pt x 28
9.08pt>
File: muse-log10_N_S_II_-log10_N_Cl_III_-histogram-full016.pdf Graphic file (ty
pe pdf)
 <use muse-log10_N_S_II_-log10_N_Cl_III_-histogram-full016.pdf>
Package pdftex.def Info: muse-log10_N_S_II_-log10_N_Cl_III_-histogram-full016.p
df used on input line 88.
(pdftex.def)             Requested size: 93.94957pt x 93.94987pt.

<muse-T_N_II-T_S_III-histogram-full016.pdf, id=42, 289.08pt x 289.08pt>
File: muse-T_N_II-T_S_III-histogram-full016.pdf Graphic file (type pdf)

<use muse-T_N_II-T_S_III-histogram-full016.pdf>
Package pdftex.def Info: muse-T_N_II-T_S_III-histogram-full016.pdf used on inpu
t line 88.
(pdftex.def)             Requested size: 93.94957pt x 93.94987pt.

<muse-log10_N_S_II_-T_N_II-histogram-full016.pdf, id=43, 289.08pt x 289.08pt>
File: muse-log10_N_S_II_-T_N_II-histogram-full016.pdf Graphic file (type pdf)

<use muse-log10_N_S_II_-T_N_II-histogram-full016.pdf>
Package pdftex.def Info: muse-log10_N_S_II_-T_N_II-histogram-full016.pdf used o
n input line 88.
(pdftex.def)             Requested size: 93.94957pt x 93.94987pt.

<muse-log10_N_Cl_III_-T_S_III-histogram-full016.pdf, id=44, 289.08pt x 289.08pt
>
File: muse-log10_N_Cl_III_-T_S_III-histogram-full016.pdf Graphic file (type pdf
)
 <use muse-log10_N_Cl_III_-T_S_III-histogram-full016.pdf>
Package pdftex.def Info: muse-log10_N_Cl_III_-T_S_III-histogram-full016.pdf use
d on input line 88.
(pdftex.def)             Requested size: 93.94957pt x 93.94987pt.

<muse-log10_N_S_II_-log10_N_Cl_III_-histogram-full064.pdf, id=45, 289.08pt x 28
9.08pt>
File: muse-log10_N_S_II_-log10_N_Cl_III_-histogram-full064.pdf Graphic file (ty
pe pdf)
 <use muse-log10_N_S_II_-log10_N_Cl_III_-histogram-full064.pdf>
Package pdftex.def Info: muse-log10_N_S_II_-log10_N_Cl_III_-histogram-full064.p
df used on input line 89.
(pdftex.def)             Requested size: 93.94957pt x 93.94987pt.

<muse-T_N_II-T_S_III-histogram-full064.pdf, id=46, 289.08pt x 289.08pt>
File: muse-T_N_II-T_S_III-histogram-full064.pdf Graphic file (type pdf)

<use muse-T_N_II-T_S_III-histogram-full064.pdf>
Package pdftex.def Info: muse-T_N_II-T_S_III-histogram-full064.pdf used on inpu
t line 89.
(pdftex.def)             Requested size: 93.94957pt x 93.94987pt.

<muse-log10_N_S_II_-T_N_II-histogram-full064.pdf, id=47, 289.08pt x 289.08pt>
File: muse-log10_N_S_II_-T_N_II-histogram-full064.pdf Graphic file (type pdf)

<use muse-log10_N_S_II_-T_N_II-histogram-full064.pdf>
Package pdftex.def Info: muse-log10_N_S_II_-T_N_II-histogram-full064.pdf used o
n input line 89.
(pdftex.def)             Requested size: 93.94957pt x 93.94987pt.

<muse-log10_N_Cl_III_-T_S_III-histogram-full064.pdf, id=48, 289.08pt x 289.08pt
>
File: muse-log10_N_Cl_III_-T_S_III-histogram-full064.pdf Graphic file (type pdf
)
 <use muse-log10_N_Cl_III_-T_S_III-histogram-full064.pdf>
Package pdftex.def Info: muse-log10_N_Cl_III_-T_S_III-histogram-full064.pdf use
d on input line 89.
(pdftex.def)             Requested size: 93.94957pt x 93.94987pt.

<muse-log10_N_S_II_-log10_N_Cl_III_-histogram-sweet001.pdf, id=49, 289.08pt x 2
89.08pt>
File: muse-log10_N_S_II_-log10_N_Cl_III_-histogram-sweet001.pdf Graphic file (t
ype pdf)
 <use muse-log10_N_S_II_-log10_N_Cl_III_-histogram-sweet001.pdf>
Package pdftex.def Info: muse-log10_N_S_II_-log10_N_Cl_III_-histogram-sweet001.
pdf used on input line 102.
(pdftex.def)             Requested size: 93.94957pt x 93.94987pt.

<muse-T_N_II-T_S_III-histogram-sweet001.pdf, id=50, 289.08pt x 289.08pt>
File: muse-T_N_II-T_S_III-histogram-sweet001.pdf Graphic file (type pdf)

<use muse-T_N_II-T_S_III-histogram-sweet001.pdf>
Package pdftex.def Info: muse-T_N_II-T_S_III-histogram-sweet001.pdf used on inp
ut line 102.
(pdftex.def)             Requested size: 93.94957pt x 93.94987pt.

<muse-log10_N_S_II_-T_N_II-histogram-sweet001.pdf, id=51, 289.08pt x 289.08pt>
File: muse-log10_N_S_II_-T_N_II-histogram-sweet001.pdf Graphic file (type pdf)

<use muse-log10_N_S_II_-T_N_II-histogram-sweet001.pdf>
Package pdftex.def Info: muse-log10_N_S_II_-T_N_II-histogram-sweet001.pdf used 
on input line 102.
(pdftex.def)             Requested size: 93.94957pt x 93.94987pt.

<muse-log10_N_Cl_III_-T_S_III-histogram-sweet001.pdf, id=52, 289.08pt x 289.08p
t>
File: muse-log10_N_Cl_III_-T_S_III-histogram-sweet001.pdf Graphic file (type pd
f)
 <use muse-log10_N_Cl_III_-T_S_III-histogram-sweet001.pdf>
Package pdftex.def Info: muse-log10_N_Cl_III_-T_S_III-histogram-sweet001.pdf us
ed on input line 102.
(pdftex.def)             Requested size: 93.94957pt x 93.94987pt.

<muse-log10_N_S_II_-log10_N_Cl_III_-histogram-sweet004.pdf, id=53, 289.08pt x 2
89.08pt>
File: muse-log10_N_S_II_-log10_N_Cl_III_-histogram-sweet004.pdf Graphic file (t
ype pdf)
 <use muse-log10_N_S_II_-log10_N_Cl_III_-histogram-sweet004.pdf>
Package pdftex.def Info: muse-log10_N_S_II_-log10_N_Cl_III_-histogram-sweet004.
pdf used on input line 103.
(pdftex.def)             Requested size: 93.94957pt x 93.94987pt.

<muse-T_N_II-T_S_III-histogram-sweet004.pdf, id=54, 289.08pt x 289.08pt>
File: muse-T_N_II-T_S_III-histogram-sweet004.pdf Graphic file (type pdf)

<use muse-T_N_II-T_S_III-histogram-sweet004.pdf>
Package pdftex.def Info: muse-T_N_II-T_S_III-histogram-sweet004.pdf used on inp
ut line 103.
(pdftex.def)             Requested size: 93.94957pt x 93.94987pt.

<muse-log10_N_S_II_-T_N_II-histogram-sweet004.pdf, id=55, 289.08pt x 289.08pt>
File: muse-log10_N_S_II_-T_N_II-histogram-sweet004.pdf Graphic file (type pdf)

<use muse-log10_N_S_II_-T_N_II-histogram-sweet004.pdf>
Package pdftex.def Info: muse-log10_N_S_II_-T_N_II-histogram-sweet004.pdf used 
on input line 103.
(pdftex.def)             Requested size: 93.94957pt x 93.94987pt.

<muse-log10_N_Cl_III_-T_S_III-histogram-sweet004.pdf, id=56, 289.08pt x 289.08p
t>
File: muse-log10_N_Cl_III_-T_S_III-histogram-sweet004.pdf Graphic file (type pd
f)
 <use muse-log10_N_Cl_III_-T_S_III-histogram-sweet004.pdf>
Package pdftex.def Info: muse-log10_N_Cl_III_-T_S_III-histogram-sweet004.pdf us
ed on input line 103.
(pdftex.def)             Requested size: 93.94957pt x 93.94987pt.

<muse-log10_N_S_II_-log10_N_Cl_III_-histogram-sweet016.pdf, id=57, 289.08pt x 2
89.08pt>
File: muse-log10_N_S_II_-log10_N_Cl_III_-histogram-sweet016.pdf Graphic file (t
ype pdf)
 <use muse-log10_N_S_II_-log10_N_Cl_III_-histogram-sweet016.pdf>
Package pdftex.def Info: muse-log10_N_S_II_-log10_N_Cl_III_-histogram-sweet016.
pdf used on input line 104.
(pdftex.def)             Requested size: 93.94957pt x 93.94987pt.

<muse-T_N_II-T_S_III-histogram-sweet016.pdf, id=58, 289.08pt x 289.08pt>
File: muse-T_N_II-T_S_III-histogram-sweet016.pdf Graphic file (type pdf)

<use muse-T_N_II-T_S_III-histogram-sweet016.pdf>
Package pdftex.def Info: muse-T_N_II-T_S_III-histogram-sweet016.pdf used on inp
ut line 104.
(pdftex.def)             Requested size: 93.94957pt x 93.94987pt.

<muse-log10_N_S_II_-T_N_II-histogram-sweet016.pdf, id=59, 289.08pt x 289.08pt>
File: muse-log10_N_S_II_-T_N_II-histogram-sweet016.pdf Graphic file (type pdf)

<use muse-log10_N_S_II_-T_N_II-histogram-sweet016.pdf>
Package pdftex.def Info: muse-log10_N_S_II_-T_N_II-histogram-sweet016.pdf used 
on input line 104.
(pdftex.def)             Requested size: 93.94957pt x 93.94987pt.

<muse-log10_N_Cl_III_-T_S_III-histogram-sweet016.pdf, id=60, 289.08pt x 289.08p
t>
File: muse-log10_N_Cl_III_-T_S_III-histogram-sweet016.pdf Graphic file (type pd
f)
 <use muse-log10_N_Cl_III_-T_S_III-histogram-sweet016.pdf>
Package pdftex.def Info: muse-log10_N_Cl_III_-T_S_III-histogram-sweet016.pdf us
ed on input line 104.
(pdftex.def)             Requested size: 93.94957pt x 93.94987pt.

<muse-log10_N_S_II_-log10_N_Cl_III_-histogram-sweet064.pdf, id=61, 289.08pt x 2
89.08pt>
File: muse-log10_N_S_II_-log10_N_Cl_III_-histogram-sweet064.pdf Graphic file (t
ype pdf)
 <use muse-log10_N_S_II_-log10_N_Cl_III_-histogram-sweet064.pdf>
Package pdftex.def Info: muse-log10_N_S_II_-log10_N_Cl_III_-histogram-sweet064.
pdf used on input line 105.
(pdftex.def)             Requested size: 93.94957pt x 93.94987pt.

<muse-T_N_II-T_S_III-histogram-sweet064.pdf, id=62, 289.08pt x 289.08pt>
File: muse-T_N_II-T_S_III-histogram-sweet064.pdf Graphic file (type pdf)

<use muse-T_N_II-T_S_III-histogram-sweet064.pdf>
Package pdftex.def Info: muse-T_N_II-T_S_III-histogram-sweet064.pdf used on inp
ut line 105.
(pdftex.def)             Requested size: 93.94957pt x 93.94987pt.

<muse-log10_N_S_II_-T_N_II-histogram-sweet064.pdf, id=63, 289.08pt x 289.08pt>
File: muse-log10_N_S_II_-T_N_II-histogram-sweet064.pdf Graphic file (type pdf)

<use muse-log10_N_S_II_-T_N_II-histogram-sweet064.pdf>
Package pdftex.def Info: muse-log10_N_S_II_-T_N_II-histogram-sweet064.pdf used 
on input line 105.
(pdftex.def)             Requested size: 93.94957pt x 93.94987pt.

<muse-log10_N_Cl_III_-T_S_III-histogram-sweet064.pdf, id=64, 289.08pt x 289.08p
t>
File: muse-log10_N_Cl_III_-T_S_III-histogram-sweet064.pdf Graphic file (type pd
f)
 <use muse-log10_N_Cl_III_-T_S_III-histogram-sweet064.pdf>
Package pdftex.def Info: muse-log10_N_Cl_III_-T_S_III-histogram-sweet064.pdf us
ed on input line 105.
(pdftex.def)             Requested size: 93.94957pt x 93.94987pt.
 [1

{/usr/local/texlive/2014/texmf-var/fonts/map/pdftex/updmap/pdftex.map}] [2 <./m
use-log10_S_6716_-log10_N_S_II_-histogram-full001.pdf> <./muse-log10_S_5518_-lo
g10_N_Cl_III_-histogram-full001.pdf

pdfTeX warning: pdflatex (file ./muse-log10_S_5518_-log10_N_Cl_III_-histogram-f
ull001.pdf): PDF inclusion: multiple pdfs with page group included in a single 
page
> <./muse-log10_S_5755_-T_N_II-histogram-full001.pdf

pdfTeX warning: pdflatex (file ./muse-log10_S_5755_-T_N_II-histogram-full001.pd
f): PDF inclusion: multiple pdfs with page group included in a single page
> <./muse-log10_S_6312_-T_S_III-histogram-full001.pdf

pdfTeX warning: pdflatex (file ./muse-log10_S_6312_-T_S_III-histogram-full001.p
df): PDF inclusion: multiple pdfs with page group included in a single page
> <./muse-log10_S_6716_-log10_N_S_II_-histogram-full004.pdf

pdfTeX warning: pdflatex (file ./muse-log10_S_6716_-log10_N_S_II_-histogram-ful
l004.pdf): PDF inclusion: multiple pdfs with page group included in a single pa
ge
> <./muse-log10_S_5518_-log10_N_Cl_III_-histogram-full004.pdf

pdfTeX warning: pdflatex (file ./muse-log10_S_5518_-log10_N_Cl_III_-histogram-f
ull004.pdf): PDF inclusion: multiple pdfs with page group included in a single 
page
> <./muse-log10_S_5755_-T_N_II-histogram-full004.pdf

pdfTeX warning: pdflatex (file ./muse-log10_S_5755_-T_N_II-histogram-full004.pd
f): PDF inclusion: multiple pdfs with page group included in a single page
> <./muse-log10_S_6312_-T_S_III-histogram-full004.pdf

pdfTeX warning: pdflatex (file ./muse-log10_S_6312_-T_S_III-histogram-full004.p
df): PDF inclusion: multiple pdfs with page group included in a single page
> <./muse-log10_S_6716_-log10_N_S_II_-histogram-full016.pdf

pdfTeX warning: pdflatex (file ./muse-log10_S_6716_-log10_N_S_II_-histogram-ful
l016.pdf): PDF inclusion: multiple pdfs with page group included in a single pa
ge
> <./muse-log10_S_5518_-log10_N_Cl_III_-histogram-full016.pdf

pdfTeX warning: pdflatex (file ./muse-log10_S_5518_-log10_N_Cl_III_-histogram-f
ull016.pdf): PDF inclusion: multiple pdfs with page group included in a single 
page
> <./muse-log10_S_5755_-T_N_II-histogram-full016.pdf

pdfTeX warning: pdflatex (file ./muse-log10_S_5755_-T_N_II-histogram-full016.pd
f): PDF inclusion: multiple pdfs with page group included in a single page
> <./muse-log10_S_6312_-T_S_III-histogram-full016.pdf

pdfTeX warning: pdflatex (file ./muse-log10_S_6312_-T_S_III-histogram-full016.p
df): PDF inclusion: multiple pdfs with page group included in a single page
> <./muse-log10_S_6716_-log10_N_S_II_-histogram-full064.pdf

pdfTeX warning: pdflatex (file ./muse-log10_S_6716_-log10_N_S_II_-histogram-ful
l064.pdf): PDF inclusion: multiple pdfs with page group included in a single pa
ge
> <./muse-log10_S_5518_-log10_N_Cl_III_-histogram-full064.pdf

pdfTeX warning: pdflatex (file ./muse-log10_S_5518_-log10_N_Cl_III_-histogram-f
ull064.pdf): PDF inclusion: multiple pdfs with page group included in a single 
page
> <./muse-log10_S_5755_-T_N_II-histogram-full064.pdf

pdfTeX warning: pdflatex (file ./muse-log10_S_5755_-T_N_II-histogram-full064.pd
f): PDF inclusion: multiple pdfs with page group included in a single page
> <./muse-log10_S_6312_-T_S_III-histogram-full064.pdf

pdfTeX warning: pdflatex (file ./muse-log10_S_6312_-T_S_III-histogram-full064.p
df): PDF inclusion: multiple pdfs with page group included in a single page
>] [3 <./muse-log10_S_6716_-log10_N_S_II_-histogram-sweet001.pdf> <./muse-log10
_S_5518_-log10_N_Cl_III_-histogram-sweet001.pdf

pdfTeX warning: pdflatex (file ./muse-log10_S_5518_-log10_N_Cl_III_-histogram-s
weet001.pdf): PDF inclusion: multiple pdfs with page group included in a single
 page
> <./muse-log10_S_5755_-T_N_II-histogram-sweet001.pdf

pdfTeX warning: pdflatex (file ./muse-log10_S_5755_-T_N_II-histogram-sweet001.p
df): PDF inclusion: multiple pdfs with page group included in a single page
> <./muse-log10_S_6312_-T_S_III-histogram-sweet001.pdf

pdfTeX warning: pdflatex (file ./muse-log10_S_6312_-T_S_III-histogram-sweet001.
pdf): PDF inclusion: multiple pdfs with page group included in a single page
> <./muse-log10_S_6716_-log10_N_S_II_-histogram-sweet004.pdf

pdfTeX warning: pdflatex (file ./muse-log10_S_6716_-log10_N_S_II_-histogram-swe
et004.pdf): PDF inclusion: multiple pdfs with page group included in a single p
age
> <./muse-log10_S_5518_-log10_N_Cl_III_-histogram-sweet004.pdf

pdfTeX warning: pdflatex (file ./muse-log10_S_5518_-log10_N_Cl_III_-histogram-s
weet004.pdf): PDF inclusion: multiple pdfs with page group included in a single
 page
> <./muse-log10_S_5755_-T_N_II-histogram-sweet004.pdf

pdfTeX warning: pdflatex (file ./muse-log10_S_5755_-T_N_II-histogram-sweet004.p
df): PDF inclusion: multiple pdfs with page group included in a single page
> <./muse-log10_S_6312_-T_S_III-histogram-sweet004.pdf

pdfTeX warning: pdflatex (file ./muse-log10_S_6312_-T_S_III-histogram-sweet004.
pdf): PDF inclusion: multiple pdfs with page group included in a single page
> <./muse-log10_S_6716_-log10_N_S_II_-histogram-sweet016.pdf

pdfTeX warning: pdflatex (file ./muse-log10_S_6716_-log10_N_S_II_-histogram-swe
et016.pdf): PDF inclusion: multiple pdfs with page group included in a single p
age
> <./muse-log10_S_5518_-log10_N_Cl_III_-histogram-sweet016.pdf

pdfTeX warning: pdflatex (file ./muse-log10_S_5518_-log10_N_Cl_III_-histogram-s
weet016.pdf): PDF inclusion: multiple pdfs with page group included in a single
 page
> <./muse-log10_S_5755_-T_N_II-histogram-sweet016.pdf

pdfTeX warning: pdflatex (file ./muse-log10_S_5755_-T_N_II-histogram-sweet016.p
df): PDF inclusion: multiple pdfs with page group included in a single page
> <./muse-log10_S_6312_-T_S_III-histogram-sweet016.pdf

pdfTeX warning: pdflatex (file ./muse-log10_S_6312_-T_S_III-histogram-sweet016.
pdf): PDF inclusion: multiple pdfs with page group included in a single page
> <./muse-log10_S_6716_-log10_N_S_II_-histogram-sweet064.pdf

pdfTeX warning: pdflatex (file ./muse-log10_S_6716_-log10_N_S_II_-histogram-swe
et064.pdf): PDF inclusion: multiple pdfs with page group included in a single p
age
> <./muse-log10_S_5518_-log10_N_Cl_III_-histogram-sweet064.pdf

pdfTeX warning: pdflatex (file ./muse-log10_S_5518_-log10_N_Cl_III_-histogram-s
weet064.pdf): PDF inclusion: multiple pdfs with page group included in a single
 page
> <./muse-log10_S_5755_-T_N_II-histogram-sweet064.pdf

pdfTeX warning: pdflatex (file ./muse-log10_S_5755_-T_N_II-histogram-sweet064.p
df): PDF inclusion: multiple pdfs with page group included in a single page
> <./muse-log10_S_6312_-T_S_III-histogram-sweet064.pdf

pdfTeX warning: pdflatex (file ./muse-log10_S_6312_-T_S_III-histogram-sweet064.
pdf): PDF inclusion: multiple pdfs with page group included in a single page
>] [4 <./muse-log10_N_S_II_-log10_N_Cl_III_-histogram-full001.pdf> <./muse-T_N_
II-T_S_III-histogram-full001.pdf

pdfTeX warning: pdflatex (file ./muse-T_N_II-T_S_III-histogram-full001.pdf): PD
F inclusion: multiple pdfs with page group included in a single page
> <./muse-log10_N_S_II_-T_N_II-histogram-full001.pdf

pdfTeX warning: pdflatex (file ./muse-log10_N_S_II_-T_N_II-histogram-full001.pd
f): PDF inclusion: multiple pdfs with page group included in a single page
> <./muse-log10_N_Cl_III_-T_S_III-histogram-full001.pdf

pdfTeX warning: pdflatex (file ./muse-log10_N_Cl_III_-T_S_III-histogram-full001
.pdf): PDF inclusion: multiple pdfs with page group included in a single page
> <./muse-log10_N_S_II_-log10_N_Cl_III_-histogram-full004.pdf

pdfTeX warning: pdflatex (file ./muse-log10_N_S_II_-log10_N_Cl_III_-histogram-f
ull004.pdf): PDF inclusion: multiple pdfs with page group included in a single 
page
> <./muse-T_N_II-T_S_III-histogram-full004.pdf

pdfTeX warning: pdflatex (file ./muse-T_N_II-T_S_III-histogram-full004.pdf): PD
F inclusion: multiple pdfs with page group included in a single page
> <./muse-log10_N_S_II_-T_N_II-histogram-full004.pdf

pdfTeX warning: pdflatex (file ./muse-log10_N_S_II_-T_N_II-histogram-full004.pd
f): PDF inclusion: multiple pdfs with page group included in a single page
> <./muse-log10_N_Cl_III_-T_S_III-histogram-full004.pdf

pdfTeX warning: pdflatex (file ./muse-log10_N_Cl_III_-T_S_III-histogram-full004
.pdf): PDF inclusion: multiple pdfs with page group included in a single page
> <./muse-log10_N_S_II_-log10_N_Cl_III_-histogram-full016.pdf

pdfTeX warning: pdflatex (file ./muse-log10_N_S_II_-log10_N_Cl_III_-histogram-f
ull016.pdf): PDF inclusion: multiple pdfs with page group included in a single 
page
> <./muse-T_N_II-T_S_III-histogram-full016.pdf

pdfTeX warning: pdflatex (file ./muse-T_N_II-T_S_III-histogram-full016.pdf): PD
F inclusion: multiple pdfs with page group included in a single page
> <./muse-log10_N_S_II_-T_N_II-histogram-full016.pdf

pdfTeX warning: pdflatex (file ./muse-log10_N_S_II_-T_N_II-histogram-full016.pd
f): PDF inclusion: multiple pdfs with page group included in a single page
> <./muse-log10_N_Cl_III_-T_S_III-histogram-full016.pdf

pdfTeX warning: pdflatex (file ./muse-log10_N_Cl_III_-T_S_III-histogram-full016
.pdf): PDF inclusion: multiple pdfs with page group included in a single page
> <./muse-log10_N_S_II_-log10_N_Cl_III_-histogram-full064.pdf

pdfTeX warning: pdflatex (file ./muse-log10_N_S_II_-log10_N_Cl_III_-histogram-f
ull064.pdf): PDF inclusion: multiple pdfs with page group included in a single 
page
> <./muse-T_N_II-T_S_III-histogram-full064.pdf

pdfTeX warning: pdflatex (file ./muse-T_N_II-T_S_III-histogram-full064.pdf): PD
F inclusion: multiple pdfs with page group included in a single page
> <./muse-log10_N_S_II_-T_N_II-histogram-full064.pdf

pdfTeX warning: pdflatex (file ./muse-log10_N_S_II_-T_N_II-histogram-full064.pd
f): PDF inclusion: multiple pdfs with page group included in a single page
> <./muse-log10_N_Cl_III_-T_S_III-histogram-full064.pdf

pdfTeX warning: pdflatex (file ./muse-log10_N_Cl_III_-T_S_III-histogram-full064
.pdf): PDF inclusion: multiple pdfs with page group included in a single page
>] [5 <./muse-log10_N_S_II_-log10_N_Cl_III_-histogram-sweet001.pdf> <./muse-T_N
_II-T_S_III-histogram-sweet001.pdf

pdfTeX warning: pdflatex (file ./muse-T_N_II-T_S_III-histogram-sweet001.pdf): P
DF inclusion: multiple pdfs with page group included in a single page
> <./muse-log10_N_S_II_-T_N_II-histogram-sweet001.pdf

pdfTeX warning: pdflatex (file ./muse-log10_N_S_II_-T_N_II-histogram-sweet001.p
df): PDF inclusion: multiple pdfs with page group included in a single page
> <./muse-log10_N_Cl_III_-T_S_III-histogram-sweet001.pdf

pdfTeX warning: pdflatex (file ./muse-log10_N_Cl_III_-T_S_III-histogram-sweet00
1.pdf): PDF inclusion: multiple pdfs with page group included in a single page
> <./muse-log10_N_S_II_-log10_N_Cl_III_-histogram-sweet004.pdf

pdfTeX warning: pdflatex (file ./muse-log10_N_S_II_-log10_N_Cl_III_-histogram-s
weet004.pdf): PDF inclusion: multiple pdfs with page group included in a single
 page
> <./muse-T_N_II-T_S_III-histogram-sweet004.pdf

pdfTeX warning: pdflatex (file ./muse-T_N_II-T_S_III-histogram-sweet004.pdf): P
DF inclusion: multiple pdfs with page group included in a single page
> <./muse-log10_N_S_II_-T_N_II-histogram-sweet004.pdf

pdfTeX warning: pdflatex (file ./muse-log10_N_S_II_-T_N_II-histogram-sweet004.p
df): PDF inclusion: multiple pdfs with page group included in a single page
> <./muse-log10_N_Cl_III_-T_S_III-histogram-sweet004.pdf

pdfTeX warning: pdflatex (file ./muse-log10_N_Cl_III_-T_S_III-histogram-sweet00
4.pdf): PDF inclusion: multiple pdfs with page group included in a single page
> <./muse-log10_N_S_II_-log10_N_Cl_III_-histogram-sweet016.pdf

pdfTeX warning: pdflatex (file ./muse-log10_N_S_II_-log10_N_Cl_III_-histogram-s
weet016.pdf): PDF inclusion: multiple pdfs with page group included in a single
 page
> <./muse-T_N_II-T_S_III-histogram-sweet016.pdf

pdfTeX warning: pdflatex (file ./muse-T_N_II-T_S_III-histogram-sweet016.pdf): P
DF inclusion: multiple pdfs with page group included in a single page
> <./muse-log10_N_S_II_-T_N_II-histogram-sweet016.pdf

pdfTeX warning: pdflatex (file ./muse-log10_N_S_II_-T_N_II-histogram-sweet016.p
df): PDF inclusion: multiple pdfs with page group included in a single page
> <./muse-log10_N_Cl_III_-T_S_III-histogram-sweet016.pdf

pdfTeX warning: pdflatex (file ./muse-log10_N_Cl_III_-T_S_III-histogram-sweet01
6.pdf): PDF inclusion: multiple pdfs with page group included in a single page
> <./muse-log10_N_S_II_-log10_N_Cl_III_-histogram-sweet064.pdf

pdfTeX warning: pdflatex (file ./muse-log10_N_S_II_-log10_N_Cl_III_-histogram-s
weet064.pdf): PDF inclusion: multiple pdfs with page group included in a single
 page
> <./muse-T_N_II-T_S_III-histogram-sweet064.pdf

pdfTeX warning: pdflatex (file ./muse-T_N_II-T_S_III-histogram-sweet064.pdf): P
DF inclusion: multiple pdfs with page group included in a single page
> <./muse-log10_N_S_II_-T_N_II-histogram-sweet064.pdf

pdfTeX warning: pdflatex (file ./muse-log10_N_S_II_-T_N_II-histogram-sweet064.p
df): PDF inclusion: multiple pdfs with page group included in a single page
> <./muse-log10_N_Cl_III_-T_S_III-histogram-sweet064.pdf

pdfTeX warning: pdflatex (file ./muse-log10_N_Cl_III_-T_S_III-histogram-sweet06
4.pdf): PDF inclusion: multiple pdfs with page group included in a single page
>]
LaTeX Font Info:    Font shape `T1/ntxrx/m/n' will be
(Font)              scaled to size 8.0pt on input line 123.
LaTeX Font Info:    Font shape `T1/ntxrx/m/n' will be
(Font)              scaled to size 6.1pt on input line 123.

</Users/will/Work/RubinWFC3/Tsquared/Balmer-Jump.pdf, id=1836, 614.295pt x 794.
97pt>
File: /Users/will/Work/RubinWFC3/Tsquared/Balmer-Jump.pdf Graphic file (type pd
f)
 <use /Users/will/Work/RubinWFC3/Tsquared/Balmer-Jump.pdf>
Package pdftex.def Info: /Users/will/Work/RubinWFC3/Tsquared/Balmer-Jump.pdf us
ed on input line 132.
(pdftex.def)             Requested size: 469.75502pt x 607.9196pt.
LaTeX Font Info:    Font shape `T1/ntxrx/m/it' will be
(Font)              scaled to size 10.95pt on input line 165.

</Users/will/Work/RubinWFC3/Tsquared/OrionStars/trap-continuum-3500-4020.pdf, i
d=1837, 578.16pt x 397.485pt>
File: /Users/will/Work/RubinWFC3/Tsquared/OrionStars/trap-continuum-3500-4020.p
df Graphic file (type pdf)

<use /Users/will/Work/RubinWFC3/Tsquared/OrionStars/trap-continuum-3500-4020.pd
f>
Package pdftex.def Info: /Users/will/Work/RubinWFC3/Tsquared/OrionStars/trap-co
ntinuum-3500-4020.pdf used on input line 180.
(pdftex.def)             Requested size: 469.75502pt x 322.95576pt.
 [6

] [7 </Users/will/Work/RubinWFC3/Tsquared/Balmer-Jump.pdf>] [8 </Users/will/Wor
k/RubinWFC3/Tsquared/OrionStars/trap-continuum-3500-4020.pdf>]
LaTeX Font Info:    Font shape `T1/ntxrx/m/n' will be
(Font)              scaled to size 10.0pt on input line 196.

<evernote-trap-spectrum.pdf, id=1934, 614.295pt x 794.97pt>
File: evernote-trap-spectrum.pdf Graphic file (type pdf)

<use evernote-trap-spectrum.pdf>
Package pdftex.def Info: evernote-trap-spectrum.pdf used on input line 235.
(pdftex.def)             Requested size: 469.75502pt x 634.91206pt.


LaTeX Warning: Float too large for page by 11.66779pt on input line 238.

[9

] [10 <./evernote-trap-spectrum.pdf>]
<wfc3-vs-muse-calib-F656N.pdf, id=1969, 505.89pt x 505.89pt>
File: wfc3-vs-muse-calib-F656N.pdf Graphic file (type pdf)

<use wfc3-vs-muse-calib-F656N.pdf>
Package pdftex.def Info: wfc3-vs-muse-calib-F656N.pdf used on input line 260.
(pdftex.def)             Requested size: 469.75502pt x 469.76265pt.

<wfc3-vs-muse-calib-F658N.pdf, id=1970, 505.89pt x 505.89pt>
File: wfc3-vs-muse-calib-F658N.pdf Graphic file (type pdf)

<use wfc3-vs-muse-calib-F658N.pdf>
Package pdftex.def Info: wfc3-vs-muse-calib-F658N.pdf used on input line 290.
(pdftex.def)             Requested size: 469.75502pt x 469.76265pt.

<wfc3-vs-muse-calib-F502N.pdf, id=1971, 505.89pt x 505.89pt>
File: wfc3-vs-muse-calib-F502N.pdf Graphic file (type pdf)

<use wfc3-vs-muse-calib-F502N.pdf>
Package pdftex.def Info: wfc3-vs-muse-calib-F502N.pdf used on input line 291.
(pdftex.def)             Requested size: 469.75502pt x 469.76265pt.

<wfc3-vs-muse-calib-F673N.pdf, id=1972, 505.89pt x 505.89pt>
File: wfc3-vs-muse-calib-F673N.pdf Graphic file (type pdf)

<use wfc3-vs-muse-calib-F673N.pdf>
Package pdftex.def Info: wfc3-vs-muse-calib-F673N.pdf used on input line 292.
(pdftex.def)             Requested size: 469.75502pt x 469.76265pt.

<wfc3-vs-muse-calib-F487N.pdf, id=1973, 505.89pt x 505.89pt>
File: wfc3-vs-muse-calib-F487N.pdf Graphic file (type pdf)

<use wfc3-vs-muse-calib-F487N.pdf>
Package pdftex.def Info: wfc3-vs-muse-calib-F487N.pdf used on input line 293.
(pdftex.def)             Requested size: 469.75502pt x 469.76265pt.

<wfc3-vs-muse-calib-F469N.pdf, id=1974, 505.89pt x 505.89pt>
File: wfc3-vs-muse-calib-F469N.pdf Graphic file (type pdf)

<use wfc3-vs-muse-calib-F469N.pdf>
Package pdftex.def Info: wfc3-vs-muse-calib-F469N.pdf used on input line 294.
(pdftex.def)             Requested size: 469.75502pt x 469.76265pt.

<wfc3-vs-muse-calib-F547M.pdf, id=1975, 505.89pt x 505.89pt>
File: wfc3-vs-muse-calib-F547M.pdf Graphic file (type pdf)

<use wfc3-vs-muse-calib-F547M.pdf>
Package pdftex.def Info: wfc3-vs-muse-calib-F547M.pdf used on input line 296.
(pdftex.def)             Requested size: 469.75502pt x 469.76265pt.

<wfc3-vs-muse-calib-FQ575N.pdf, id=1976, 505.89pt x 505.89pt>
File: wfc3-vs-muse-calib-FQ575N.pdf Graphic file (type pdf)

<use wfc3-vs-muse-calib-FQ575N.pdf>
Package pdftex.def Info: wfc3-vs-muse-calib-FQ575N.pdf used on input line 298.
(pdftex.def)             Requested size: 469.75502pt x 469.76265pt.

<wfc3-vs-muse-calib-FQ672N.pdf, id=1977, 505.89pt x 505.89pt>
File: wfc3-vs-muse-calib-FQ672N.pdf Graphic file (type pdf)

<use wfc3-vs-muse-calib-FQ672N.pdf>
Package pdftex.def Info: wfc3-vs-muse-calib-FQ672N.pdf used on input line 299.
(pdftex.def)             Requested size: 469.75502pt x 469.76265pt.

<wfc3-vs-muse-calib-FQ674N.pdf, id=1978, 505.89pt x 505.89pt>
File: wfc3-vs-muse-calib-FQ674N.pdf Graphic file (type pdf)

<use wfc3-vs-muse-calib-FQ674N.pdf>
Package pdftex.def Info: wfc3-vs-muse-calib-FQ674N.pdf used on input line 300.
(pdftex.def)             Requested size: 469.75502pt x 469.76265pt.

<NebulioMUSE/synthetic-naive-vs-true-calib-4861-6563.pdf, id=1979, 505.89pt x 5
05.89pt>
File: NebulioMUSE/synthetic-naive-vs-true-calib-4861-6563.pdf Graphic file (typ
e pdf)
 <use NebulioMUSE/synthetic-naive-vs-true-calib-4861-6563.pdf>
Package pdftex.def Info: NebulioMUSE/synthetic-naive-vs-true-calib-4861-6563.pd
f used on input line 316.
(pdftex.def)             Requested size: 155.02pt x 155.01796pt.

<NebulioMUSE/synthetic-flat-vs-true-calib-4861-6563.pdf, id=1980, 505.89pt x 50
5.89pt>
File: NebulioMUSE/synthetic-flat-vs-true-calib-4861-6563.pdf Graphic file (type
 pdf)
 <use NebulioMUSE/synthetic-flat-vs-true-calib-4861-6563.pdf>
Package pdftex.def Info: NebulioMUSE/synthetic-flat-vs-true-calib-4861-6563.pdf
 used on input line 316.
(pdftex.def)             Requested size: 155.02pt x 155.01796pt.

<NebulioMUSE/synthetic-vs-true-calib-4861-6563.pdf, id=1981, 505.89pt x 505.89p
t>
File: NebulioMUSE/synthetic-vs-true-calib-4861-6563.pdf Graphic file (type pdf)

 <use NebulioMUSE/synthetic-vs-true-calib-4861-6563.pdf>
Package pdftex.def Info: NebulioMUSE/synthetic-vs-true-calib-4861-6563.pdf used
 on input line 316.
(pdftex.def)             Requested size: 155.02pt x 155.01796pt.

<NebulioMUSE/synthetic-naive-vs-true-calib-5755-6583.pdf, id=1982, 505.89pt x 5
05.89pt>
File: NebulioMUSE/synthetic-naive-vs-true-calib-5755-6583.pdf Graphic file (typ
e pdf)
 <use NebulioMUSE/synthetic-naive-vs-true-calib-5755-6583.pdf>
Package pdftex.def Info: NebulioMUSE/synthetic-naive-vs-true-calib-5755-6583.pd
f used on input line 317.
(pdftex.def)             Requested size: 155.02pt x 155.01796pt.

<NebulioMUSE/synthetic-flat-vs-true-calib-5755-6583.pdf, id=1983, 505.89pt x 50
5.89pt>
File: NebulioMUSE/synthetic-flat-vs-true-calib-5755-6583.pdf Graphic file (type
 pdf)
 <use NebulioMUSE/synthetic-flat-vs-true-calib-5755-6583.pdf>
Package pdftex.def Info: NebulioMUSE/synthetic-flat-vs-true-calib-5755-6583.pdf
 used on input line 317.
(pdftex.def)             Requested size: 155.02pt x 155.01796pt.

<NebulioMUSE/synthetic-vs-true-calib-5755-6583.pdf, id=1984, 505.89pt x 505.89p
t>
File: NebulioMUSE/synthetic-vs-true-calib-5755-6583.pdf Graphic file (type pdf)

 <use NebulioMUSE/synthetic-vs-true-calib-5755-6583.pdf>
Package pdftex.def Info: NebulioMUSE/synthetic-vs-true-calib-5755-6583.pdf used
 on input line 317.
(pdftex.def)             Requested size: 155.02pt x 155.01796pt.

<NebulioMUSE/synthetic-naive-vs-true-calib-6716-6731.pdf, id=1985, 505.89pt x 5
05.89pt>
File: NebulioMUSE/synthetic-naive-vs-true-calib-6716-6731.pdf Graphic file (typ
e pdf)
 <use NebulioMUSE/synthetic-naive-vs-true-calib-6716-6731.pdf>
Package pdftex.def Info: NebulioMUSE/synthetic-naive-vs-true-calib-6716-6731.pd
f used on input line 318.
(pdftex.def)             Requested size: 155.02pt x 155.01796pt.

<NebulioMUSE/synthetic-flat-vs-true-calib-6716-6731.pdf, id=1986, 505.89pt x 50
5.89pt>
File: NebulioMUSE/synthetic-flat-vs-true-calib-6716-6731.pdf Graphic file (type
 pdf)
 <use NebulioMUSE/synthetic-flat-vs-true-calib-6716-6731.pdf>
Package pdftex.def Info: NebulioMUSE/synthetic-flat-vs-true-calib-6716-6731.pdf
 used on input line 318.
(pdftex.def)             Requested size: 155.02pt x 155.01796pt.

<NebulioMUSE/synthetic-vs-true-calib-6716-6731.pdf, id=1987, 505.89pt x 505.89p
t>
File: NebulioMUSE/synthetic-vs-true-calib-6716-6731.pdf Graphic file (type pdf)

 <use NebulioMUSE/synthetic-vs-true-calib-6716-6731.pdf>
Package pdftex.def Info: NebulioMUSE/synthetic-vs-true-calib-6716-6731.pdf used
 on input line 318.
(pdftex.def)             Requested size: 155.02pt x 155.01796pt.

<NebulioMUSE/synthetic-naive-vs-true-calib-6716-6731-N.pdf, id=1988, 505.89pt x
 505.89pt>
File: NebulioMUSE/synthetic-naive-vs-true-calib-6716-6731-N.pdf Graphic file (t
ype pdf)
 <use NebulioMUSE/synthetic-naive-vs-true-calib-6716-6731-N.pdf>
Package pdftex.def Info: NebulioMUSE/synthetic-naive-vs-true-calib-6716-6731-N.
pdf used on input line 319.
(pdftex.def)             Requested size: 155.02pt x 155.01796pt.

<NebulioMUSE/synthetic-flat-vs-true-calib-6716-6731-N.pdf, id=1989, 505.89pt x 
505.89pt>
File: NebulioMUSE/synthetic-flat-vs-true-calib-6716-6731-N.pdf Graphic file (ty
pe pdf)
 <use NebulioMUSE/synthetic-flat-vs-true-calib-6716-6731-N.pdf>
Package pdftex.def Info: NebulioMUSE/synthetic-flat-vs-true-calib-6716-6731-N.p
df used on input line 319.
(pdftex.def)             Requested size: 155.02pt x 155.01796pt.

<NebulioMUSE/synthetic-vs-true-calib-6716-6731-N.pdf, id=1990, 505.89pt x 505.8
9pt>
File: NebulioMUSE/synthetic-vs-true-calib-6716-6731-N.pdf Graphic file (type pd
f)
 <use NebulioMUSE/synthetic-vs-true-calib-6716-6731-N.pdf>
Package pdftex.def Info: NebulioMUSE/synthetic-vs-true-calib-6716-6731-N.pdf us
ed on input line 319.
(pdftex.def)             Requested size: 155.02pt x 155.01796pt.

Overfull \hbox (34.04253pt too wide) in paragraph at lines 315--322
 [][] 
 []


LaTeX Warning: Float too large for page by 8.21098pt on input line 323.

[11

] [12 <./wfc3-vs-muse-calib-F656N.pdf>] [13 <./wfc3-vs-muse-calib-F658N.pdf>] [
14 <./wfc3-vs-muse-calib-F502N.pdf>] [15 <./wfc3-vs-muse-calib-F673N.pdf>]
[16 <./wfc3-vs-muse-calib-F487N.pdf>] [17 <./wfc3-vs-muse-calib-F469N.pdf>]
[18 <./wfc3-vs-muse-calib-F547M.pdf>] [19 <./wfc3-vs-muse-calib-FQ575N.pdf>]
[20 <./wfc3-vs-muse-calib-FQ672N.pdf>] [21 <./wfc3-vs-muse-calib-FQ674N.pdf>]
[22 <./NebulioMUSE/synthetic-naive-vs-true-calib-4861-6563.pdf> <./NebulioMUSE/
synthetic-flat-vs-true-calib-4861-6563.pdf

pdfTeX warning: pdflatex (file ./NebulioMUSE/synthetic-flat-vs-true-calib-4861-
6563.pdf): PDF inclusion: multiple pdfs with page group included in a single pa
ge
> <./NebulioMUSE/synthetic-vs-true-calib-4861-6563.pdf

pdfTeX warning: pdflatex (file ./NebulioMUSE/synthetic-vs-true-calib-4861-6563.
pdf): PDF inclusion: multiple pdfs with page group included in a single page
> <./NebulioMUSE/synthetic-naive-vs-true-calib-5755-6583.pdf

pdfTeX warning: pdflatex (file ./NebulioMUSE/synthetic-naive-vs-true-calib-5755
-6583.pdf): PDF inclusion: multiple pdfs with page group included in a single p
age
> <./NebulioMUSE/synthetic-flat-vs-true-calib-5755-6583.pdf

pdfTeX warning: pdflatex (file ./NebulioMUSE/synthetic-flat-vs-true-calib-5755-
6583.pdf): PDF inclusion: multiple pdfs with page group included in a single pa
ge
> <./NebulioMUSE/synthetic-vs-true-calib-5755-6583.pdf

pdfTeX warning: pdflatex (file ./NebulioMUSE/synthetic-vs-true-calib-5755-6583.
pdf): PDF inclusion: multiple pdfs with page group included in a single page
> <./NebulioMUSE/synthetic-naive-vs-true-calib-6716-6731.pdf

pdfTeX warning: pdflatex (file ./NebulioMUSE/synthetic-naive-vs-true-calib-6716
-6731.pdf): PDF inclusion: multiple pdfs with page group included in a single p
age
> <./NebulioMUSE/synthetic-flat-vs-true-calib-6716-6731.pdf

pdfTeX warning: pdflatex (file ./NebulioMUSE/synthetic-flat-vs-true-calib-6716-
6731.pdf): PDF inclusion: multiple pdfs with page group included in a single pa
ge
> <./NebulioMUSE/synthetic-vs-true-calib-6716-6731.pdf

pdfTeX warning: pdflatex (file ./NebulioMUSE/synthetic-vs-true-calib-6716-6731.
pdf): PDF inclusion: multiple pdfs with page group included in a single page
> <./NebulioMUSE/synthetic-naive-vs-true-calib-6716-6731-N.pdf

pdfTeX warning: pdflatex (file ./NebulioMUSE/synthetic-naive-vs-true-calib-6716
-6731-N.pdf): PDF inclusion: multiple pdfs with page group included in a single
 page
> <./NebulioMUSE/synthetic-flat-vs-true-calib-6716-6731-N.pdf

pdfTeX warning: pdflatex (file ./NebulioMUSE/synthetic-flat-vs-true-calib-6716-
6731-N.pdf): PDF inclusion: multiple pdfs with page group included in a single 
page
> <./NebulioMUSE/synthetic-vs-true-calib-6716-6731-N.pdf

pdfTeX warning: pdflatex (file ./NebulioMUSE/synthetic-vs-true-calib-6716-6731-
N.pdf): PDF inclusion: multiple pdfs with page group included in a single page
>]
runsystem(pygmentize -l text -f latex -F tokenmerge             -P "verboptions
= ,fontsize=\footnotesize " -o will-muse-calib.out.pyg /Users/will/Work/RubinWF
C3/Tsquared/OrionStars/trap.in)...executed.

 (./will-muse-calib.out.pyg
LaTeX Font Info:    Try loading font information for T1+ntxtt on input line 1.

(/usr/local/texlive/2014/texmf-dist/tex/latex/newtx/t1ntxtt.fd
File: t1ntxtt.fd 2012/04/20 v3.1
)
LaTeX Font Info:    Font shape `T1/ntxtt/m/n' will be
(Font)              scaled to size 9.0pt on input line 1.
Package microtype Info: Loading generic settings for font family
(microtype)             `ntxtt' (encoding: T1).
(microtype)             For optimal results, create family-specific settings.
(microtype)             See the microtype manual for details.
 [23

])
runsystem(rm will-muse-calib.out.pyg)...executed.

LaTeX Font Info:    Font shape `T1/ntxtt/m/n' will be
(Font)              scaled to size 10.95pt on input line 339.
runsystem(pygmentize -l C -f latex -F tokenmerge             -P "verboptions= ,
fontsize=\footnotesize " -o will-muse-calib.out.pyg /Users/will/Work/CLOUDY/git
-svn/data/continuum_mesh_balmer_jump.ini)...executed.


(./will-muse-calib.out.pyg
LaTeX Font Info:    Try loading font information for T1+txtt on input line 2.

(/usr/local/texlive/2014/texmf-dist/tex/latex/txfonts/t1txtt.fd
File: t1txtt.fd 2000/12/15 v3.1
)
LaTeX Font Info:    Font shape `T1/ntxtt/m/it' in size <9> not available
(Font)              Font shape `T1/txtt/m/sl' tried instead on input line 2.
Package microtype Info: Loading generic settings for font family
(microtype)             `txtt' (encoding: T1).
(microtype)             For optimal results, create family-specific settings.
(microtype)             See the microtype manual for details.
 [24])
runsystem(rm will-muse-calib.out.pyg)...executed.

runsystem(pygmentize -l text -f latex -F tokenmerge             -P "verboptions
= ,fontsize=\footnotesize ,obeytabs,tabsize=12" -o will-muse-calib.out.pyg wavs
ec-startwavs.tab)...executed.


(./will-muse-calib.out.pyg
LaTeX Font Info:    Font shape `T1/ntxtt/bx/n' will be
(Font)              scaled to size 10.95pt on input line 1.
 [25])
runsystem(rm will-muse-calib.out.pyg)...executed.

runsystem(pygmentize -l text -f latex -F tokenmerge             -P "verboptions
= ,fontsize=\footnotesize ,obeytabs,tabsize=12" -o will-muse-calib.out.pyg basi
c-line-list.tab)...executed.

 (./will-muse-calib.out.pyg [26])
runsystem(rm will-muse-calib.out.pyg)...executed.

runsystem(pygmentize -l python -f latex -F tokenmerge             -P "verboptio
ns= ,fontsize=\footnotesize " -o will-muse-calib.out.pyg extract-em-line.py)...
executed.


(./will-muse-calib.out.pyg
LaTeX Font Info:    Font shape `T1/ntxtt/bx/n' will be
(Font)              scaled to size 9.0pt on input line 2.
 [27] [28])
runsystem(rm will-muse-calib.out.pyg)...executed.

runsystem(pygmentize -l python -f latex -F tokenmerge             -P "verboptio
ns= ,fontsize=\footnotesize " -o will-muse-calib.out.pyg plot-em-line-spec.py).
..executed.

 (./will-muse-calib.out.pyg [29])
runsystem(rm will-muse-calib.out.pyg)...executed.

runsystem(pygmentize -l python -f latex -F tokenmerge             -P "verboptio
ns= ,fontsize=\footnotesize " -o will-muse-calib.out.pyg multibin-map.py)...exe
cuted.


(./will-muse-calib.out.pyg)
runsystem(rm will-muse-calib.out.pyg)...executed.

\openout3 = `will-muse-calib.pyg'.

runsystem(pygmentize -l sh -f latex -F tokenmerge             -P "verboptions= 
,fontsize=\footnotesize " -o will-muse-calib.out.pyg will-muse-calib.pyg)...exe
cuted.

 (./will-muse-calib.out.pyg)
runsystem(rm will-muse-calib.out.pyg)...executed.

runsystem(rm will-muse-calib.pyg)...executed.

 (./will-muse-calib.bbl
[30]
LaTeX Font Info:    Try loading font information for T1+ntxr1 on input line 10.

 (/usr/local/texlive/2014/texmf-dist/tex/latex/newtx/t1ntxr1.fd
File: t1ntxr1.fd 2012/07/29 v1.0
)
LaTeX Font Info:    Font shape `T1/ntxr1/m/n' will be
(Font)              scaled to size 9.0pt on input line 10.
Package microtype Info: Loading generic settings for font family
(microtype)             `ntxr1' (encoding: T1).
(microtype)             For optimal results, create family-specific settings.
(microtype)             See the microtype manual for details.
Package microtype Info: Character `A' is missing
(microtype)             in font `T1/ntxr1/m/n/9'.
(microtype)             Ignoring protrusion settings for this character.
Package microtype Info: Character `F' is missing
(microtype)             in font `T1/ntxr1/m/n/9'.
(microtype)             Ignoring protrusion settings for this character.
Package microtype Info: Character `J' is missing
(microtype)             in font `T1/ntxr1/m/n/9'.
(microtype)             Ignoring protrusion settings for this character.
Package microtype Info: Character `K' is missing
(microtype)             in font `T1/ntxr1/m/n/9'.
(microtype)             Ignoring protrusion settings for this character.
Package microtype Info: Character `L' is missing
(microtype)             in font `T1/ntxr1/m/n/9'.
(microtype)             Ignoring protrusion settings for this character.
Package microtype Info: Character `T' is missing
(microtype)             in font `T1/ntxr1/m/n/9'.
(microtype)             Ignoring protrusion settings for this character.
Package microtype Info: Character `V' is missing
(microtype)             in font `T1/ntxr1/m/n/9'.
(microtype)             Ignoring protrusion settings for this character.
Package microtype Info: Character `W' is missing
(microtype)             in font `T1/ntxr1/m/n/9'.
(microtype)             Ignoring protrusion settings for this character.
Package microtype Info: Character `X' is missing
(microtype)             in font `T1/ntxr1/m/n/9'.
(microtype)             Ignoring protrusion settings for this character.
Package microtype Info: Character `Y' is missing
(microtype)             in font `T1/ntxr1/m/n/9'.
(microtype)             Ignoring protrusion settings for this character.
Package microtype Info: Character `k' is missing
(microtype)             in font `T1/ntxr1/m/n/9'.
(microtype)             Ignoring protrusion settings for this character.
Package microtype Info: Character `r' is missing
(microtype)             in font `T1/ntxr1/m/n/9'.
(microtype)             Ignoring protrusion settings for this character.
Package microtype Info: Character `v' is missing
(microtype)             in font `T1/ntxr1/m/n/9'.
(microtype)             Ignoring protrusion settings for this character.
Package microtype Info: Character `w' is missing
(microtype)             in font `T1/ntxr1/m/n/9'.
(microtype)             Ignoring protrusion settings for this character.
Package microtype Info: Character `x' is missing
(microtype)             in font `T1/ntxr1/m/n/9'.
(microtype)             Ignoring protrusion settings for this character.
Package microtype Info: Character `y' is missing
(microtype)             in font `T1/ntxr1/m/n/9'.
(microtype)             Ignoring protrusion settings for this character.
Package microtype Info: Character `.' is missing
(microtype)             in font `T1/ntxr1/m/n/9'.
(microtype)             Ignoring protrusion settings for this character.
Package microtype Info: Character `,' is missing
(microtype)             in font `T1/ntxr1/m/n/9'.
(microtype)             Ignoring protrusion settings for this character.
Package microtype Info: Character `:' is missing
(microtype)             in font `T1/ntxr1/m/n/9'.
(microtype)             Ignoring protrusion settings for this character.
Package microtype Info: Character `;' is missing
(microtype)             in font `T1/ntxr1/m/n/9'.
(microtype)             Ignoring protrusion settings for this character.
Package microtype Info: Character `!' is missing
(microtype)             in font `T1/ntxr1/m/n/9'.
(microtype)             Ignoring protrusion settings for this character.
Package microtype Info: Character `?' is missing
(microtype)             in font `T1/ntxr1/m/n/9'.
(microtype)             Ignoring protrusion settings for this character.
Package microtype Info: Character `@' is missing
(microtype)             in font `T1/ntxr1/m/n/9'.
(microtype)             Ignoring protrusion settings for this character.
Package microtype Info: Character `~' is missing
(microtype)             in font `T1/ntxr1/m/n/9'.
(microtype)             Ignoring protrusion settings for this character.
Package microtype Info: Character `%' is missing
(microtype)             in font `T1/ntxr1/m/n/9'.
(microtype)             Ignoring protrusion settings for this character.
Package microtype Info: Character `*' is missing
(microtype)             in font `T1/ntxr1/m/n/9'.
(microtype)             Ignoring protrusion settings for this character.
Package microtype Info: Character `+' is missing
(microtype)             in font `T1/ntxr1/m/n/9'.
(microtype)             Ignoring protrusion settings for this character.
Package microtype Info: Character `(' is missing
(microtype)             in font `T1/ntxr1/m/n/9'.
(microtype)             Ignoring protrusion settings for this character.
Package microtype Info: Character `)' is missing
(microtype)             in font `T1/ntxr1/m/n/9'.
(microtype)             Ignoring protrusion settings for this character.
Package microtype Info: Character `/' is missing
(microtype)             in font `T1/ntxr1/m/n/9'.
(microtype)             Ignoring protrusion settings for this character.
Package microtype Info: Character `-' is missing
(microtype)             in font `T1/ntxr1/m/n/9'.
(microtype)             Ignoring protrusion settings for this character.
Package microtype Info: Character `textendash ' is missing
(microtype)             in font `T1/ntxr1/m/n/9'.
(microtype)             Ignoring protrusion settings for this character.
Package microtype Info: Character `textemdash ' is missing
(microtype)             in font `T1/ntxr1/m/n/9'.
(microtype)             Ignoring protrusion settings for this character.
Package microtype Info: Character `textquoteleft ' is missing
(microtype)             in font `T1/ntxr1/m/n/9'.
(microtype)             Ignoring protrusion settings for this character.
Package microtype Info: Character `textquoteright ' is missing
(microtype)             in font `T1/ntxr1/m/n/9'.
(microtype)             Ignoring protrusion settings for this character.
Package microtype Info: Character `textquotedblleft ' is missing
(microtype)             in font `T1/ntxr1/m/n/9'.
(microtype)             Ignoring protrusion settings for this character.
Package microtype Info: Character `textquotedblright ' is missing
(microtype)             in font `T1/ntxr1/m/n/9'.
(microtype)             Ignoring protrusion settings for this character.
Package microtype Info: Character `AE ' is missing
(microtype)             in font `T1/ntxr1/m/n/9'.
(microtype)             Ignoring protrusion settings for this character.
Package microtype Info: Character `_' is missing
(microtype)             in font `T1/ntxr1/m/n/9'.
(microtype)             Ignoring protrusion settings for this character.
Package microtype Info: Character `textbackslash ' is missing
(microtype)             in font `T1/ntxr1/m/n/9'.
(microtype)             Ignoring protrusion settings for this character.
Package microtype Info: Character `quotesinglbase ' is missing
(microtype)             in font `T1/ntxr1/m/n/9'.
(microtype)             Ignoring protrusion settings for this character.
Package microtype Info: Character `quotedblbase ' is missing
(microtype)             in font `T1/ntxr1/m/n/9'.
(microtype)             Ignoring protrusion settings for this character.
Package microtype Info: Character `guilsinglleft ' is missing
(microtype)             in font `T1/ntxr1/m/n/9'.
(microtype)             Ignoring protrusion settings for this character.
Package microtype Info: Character `guilsinglright ' is missing
(microtype)             in font `T1/ntxr1/m/n/9'.
(microtype)             Ignoring protrusion settings for this character.
Package microtype Info: Character `guillemotleft ' is missing
(microtype)             in font `T1/ntxr1/m/n/9'.
(microtype)             Ignoring protrusion settings for this character.
Package microtype Info: Character `guillemotright ' is missing
(microtype)             in font `T1/ntxr1/m/n/9'.
(microtype)             Ignoring protrusion settings for this character.
Package microtype Info: Character `textexclamdown ' is missing
(microtype)             in font `T1/ntxr1/m/n/9'.
(microtype)             Ignoring protrusion settings for this character.
Package microtype Info: Character `textquestiondown ' is missing
(microtype)             in font `T1/ntxr1/m/n/9'.
(microtype)             Ignoring protrusion settings for this character.
Package microtype Info: Character `textbraceleft ' is missing
(microtype)             in font `T1/ntxr1/m/n/9'.
(microtype)             Ignoring protrusion settings for this character.
Package microtype Info: Character `textbraceright ' is missing
(microtype)             in font `T1/ntxr1/m/n/9'.
(microtype)             Ignoring protrusion settings for this character.
Package microtype Info: Character `textless ' is missing
(microtype)             in font `T1/ntxr1/m/n/9'.
(microtype)             Ignoring protrusion settings for this character.
Package microtype Info: Character `textgreater ' is missing
(microtype)             in font `T1/ntxr1/m/n/9'.
(microtype)             Ignoring protrusion settings for this character.
) [31]
(./will-muse-calib.aux)

LaTeX Font Warning: Size substitutions with differences
(Font)              up to 0.5pt have occurred.

 ) 
Here is how much of TeX's memory you used:
 9622 strings out of 493117
 153790 string characters out of 6135433
 233020 words of memory out of 5000000
 12490 multiletter control sequences out of 15000+600000
 64516 words of font info for 231 fonts, out of 8000000 for 9000
 1141 hyphenation exceptions out of 8191
 37i,12n,65p,835b,413s stack positions out of 5000i,500n,10000p,200000b,80000s
{/usr/local/texlive/2014/texmf-dist/fonts/enc/dvips/base/8r.enc}</usr/local/t
exlive/2014/texmf-dist/fonts/type1/public/newtx/rntxmi.pfb></usr/local/texlive/
2014/texmf-dist/fonts/type1/public/txfonts/rtxb.pfb></usr/local/texlive/2014/te
xmf-dist/fonts/type1/public/txfonts/rtxi.pfb></usr/local/texlive/2014/texmf-dis
t/fonts/type1/public/txfonts/rtxmi.pfb></usr/local/texlive/2014/texmf-dist/font
s/type1/public/txfonts/rtxr.pfb></usr/local/texlive/2014/texmf-dist/fonts/type1
/public/txfonts/t1xbtt.pfb></usr/local/texlive/2014/texmf-dist/fonts/type1/publ
ic/txfonts/t1xtt.pfb></usr/local/texlive/2014/texmf-dist/fonts/type1/public/txf
onts/t1xtt.pfb></usr/local/texlive/2014/texmf-dist/fonts/type1/public/txfonts/t
xsy.pfb></usr/local/texlive/2014/texmf-dist/fonts/type1/urw/times/utmb8a.pfb></
usr/local/texlive/2014/texmf-dist/fonts/type1/urw/times/utmr8a.pfb></usr/local/
texlive/2014/texmf-dist/fonts/type1/urw/times/utmri8a.pfb>
Output written on will-muse-calib.pdf (31 pages, 7514548 bytes).
PDF statistics:
 3400 PDF objects out of 3580 (max. 8388607)
 720 compressed objects within 8 object streams
 0 named destinations out of 1000 (max. 500000)
 33214 words of extra memory for PDF output out of 35830 (max. 10000000)

